<?xml version="1.0" encoding="UTF-8"?>
<!-- Generated by org.testng.reporters.JUnitReportReporter -->
<testsuite hostname="DESKTOP-F6KJ1VL" failures="0" tests="1" name="Annotations2.Five" time="0.002" errors="0" timestamp="2023-09-10T13:44:16 PDT" skipped="0">
  <testcase classname="Annotations2.Five" name="TC5" time="0.002">
    <system-out>
      <![CDATA[Running method TC5 of class 5]]>
    </system-out>
  </testcase> <!-- TC5 -->
  <system-out>
    <![CDATA[Running Befor suite of class 3
Runnning before test of class 2
Running method TC2 of class 2
Running method TC5 of class 5
Running method TC1 of class 1
Running after test of class 2
Running before test of class 4
Running method TC3 of class 3
Running method TC4 of class 4
Running method TC6
Running after suite of class 3
Running After test of class 4]]>
  </system-out>
</testsuite> <!-- Annotations2.Five -->
