<?xml version="1.0" encoding="UTF-8"?>
<!-- Generated by org.testng.reporters.JUnitReportReporter -->
<testsuite hostname="DESKTOP-F6KJ1VL" failures="0" tests="1" name="TestNG1.ParallerTesting3" time="5.312" errors="0" timestamp="2023-09-08T13:44:14 PDT" skipped="0">
  <testcase classname="TestNG1.ParallerTesting3" name="openEdge" time="5.312"/>
</testsuite> <!-- TestNG1.ParallerTesting3 -->
