<?xml version="1.0" encoding="UTF-8"?>
<!-- Generated by org.testng.reporters.JUnitReportReporter -->
<testsuite hostname="DESKTOP-F6KJ1VL" failures="0" tests="1" name="POM_DDF_TestNG_Baseclass2.TestClass" time="3.637" errors="0" timestamp="2023-09-13T17:29:32 PDT" skipped="0">
  <testcase classname="POM_DDF_TestNG_Baseclass2.TestClass" name="SearchHotels" time="3.637">
    <system-out>
      <![CDATA[Running method Search Hotel]]>
    </system-out>
  </testcase> <!-- SearchHotels -->
  <system-out>
    <![CDATA[Open Browser
Login to app 
Running method Search Hotel
Logout from App
Close Browser]]>
  </system-out>
</testsuite> <!-- POM_DDF_TestNG_Baseclass2.TestClass -->
