<?xml version="1.0" encoding="UTF-8"?>
<!-- Generated by org.testng.reporters.JUnitReportReporter -->
<testsuite hostname="DESKTOP-F6KJ1VL" failures="0" tests="3" name="TestNG1.MultiBro2" time="20.669" errors="0" timestamp="2023-09-10T22:48:43 PDT" skipped="0">
  <testcase classname="TestNG1.MultiBro2" name="TC1" time="5.912"/>
  <testcase classname="TestNG1.MultiBro2" name="TC1" time="7.077"/>
  <testcase classname="TestNG1.MultiBro2" name="TC1" time="7.680"/>
</testsuite> <!-- TestNG1.MultiBro2 -->
