<?xml version="1.0" encoding="UTF-8"?>
<!-- Generated by org.testng.reporters.JUnitReportReporter -->
<testsuite hostname="DESKTOP-F6KJ1VL" failures="0" tests="3" name="TestNG1.MultiBro" time="11.702" errors="0" timestamp="2023-09-10T22:06:21 PDT" skipped="0">
  <testcase classname="TestNG1.MultiBro" name="TC1" time="4.062"/>
  <testcase classname="TestNG1.MultiBro" name="TC1" time="3.329"/>
  <testcase classname="TestNG1.MultiBro" name="TC1" time="4.311"/>
</testsuite> <!-- TestNG1.MultiBro -->
