<?xml version="1.0" encoding="UTF-8"?>
<!-- Generated by org.testng.reporters.JUnitReportReporter -->
<testsuite hostname="DESKTOP-F6KJ1VL" failures="0" tests="2" name="TestNG_Keyword.dependsOnMethod" time="0.017" errors="0" timestamp="2023-09-05T22:40:04 PDT" skipped="0">
  <testcase classname="TestNG_Keyword.dependsOnMethod" name="Logout" time="0.007">
    <system-out>
      <![CDATA[Running method Logout]]>
    </system-out>
  </testcase> <!-- Logout -->
  <testcase classname="TestNG_Keyword.dependsOnMethod" name="Login" time="0.010">
    <system-out>
      <![CDATA[Running method Login]]>
    </system-out>
  </testcase> <!-- Login -->
  <system-out>
    <![CDATA[Running method Login
Running method Logout]]>
  </system-out>
</testsuite> <!-- TestNG_Keyword.dependsOnMethod -->
