<?xml version="1.0" encoding="UTF-8"?>
<!-- Generated by org.testng.reporters.JUnitReportReporter -->
<testsuite hostname="DESKTOP-F6KJ1VL" failures="0" tests="3" name="TestNG_Suite.Disable1" time="0.011" errors="0" timestamp="2023-09-06T20:23:12 PDT" skipped="1">
  <testcase classname="TestNG_Suite.Disable1" name="TC1" time="0.009">
    <system-out>
      <![CDATA[Running method TC1]]>
    </system-out>
  </testcase> <!-- TC1 -->
  <testcase classname="TestNG_Suite.Disable1" name="TC3" time="0.002">
    <system-out>
      <![CDATA[Running method TC3]]>
    </system-out>
  </testcase> <!-- TC3 -->
  <testcase classname="TestNG_Suite.Disable1" name="TC2">
    <skipped/>
  </testcase> <!-- TC2 -->
  <system-out>
    <![CDATA[Running method TC1
Running method TC3]]>
  </system-out>
</testsuite> <!-- TestNG_Suite.Disable1 -->
