<?xml version="1.0" encoding="UTF-8"?>
<!-- Generated by org.testng.reporters.JUnitReportReporter -->
<testsuite hostname="DESKTOP-F6KJ1VL" failures="0" tests="2" name="TestNG_Keyword.timeout" time="0.013" errors="0" timestamp="2023-09-05T22:35:13 PDT" skipped="0">
  <testcase classname="TestNG_Keyword.timeout" name="TC2" time="0.002">
    <system-out>
      <![CDATA[Running method TC2]]>
    </system-out>
  </testcase> <!-- TC2 -->
  <testcase classname="TestNG_Keyword.timeout" name="TC1" time="0.011">
    <system-out>
      <![CDATA[Running method TC1]]>
    </system-out>
  </testcase> <!-- TC1 -->
  <system-out>
    <![CDATA[Running method TC1
Running method TC2]]>
  </system-out>
</testsuite> <!-- TestNG_Keyword.timeout -->
