<?xml version="1.0" encoding="UTF-8"?>
<!-- Generated by org.testng.reporters.JUnitReportReporter -->
<testsuite hostname="DESKTOP-F6KJ1VL" failures="0" tests="2" name="TestNG_Suite.Test1" time="0.005" errors="0" timestamp="2023-09-06T20:18:06 PDT" skipped="0">
  <testcase classname="TestNG_Suite.Test1" name="TC2" time="0.003">
    <system-out>
      <![CDATA[Running TC2]]>
    </system-out>
  </testcase> <!-- TC2 -->
  <testcase classname="TestNG_Suite.Test1" name="TC1" time="0.002">
    <system-out>
      <![CDATA[Running method TC1]]>
    </system-out>
  </testcase> <!-- TC1 -->
  <system-out>
    <![CDATA[Running method TC1
Running TC2]]>
  </system-out>
</testsuite> <!-- TestNG_Suite.Test1 -->
