<?xml version="1.0" encoding="UTF-8"?>
<!-- Generated by org.testng.reporters.JUnitReportReporter -->
<testsuite hostname="DESKTOP-F6KJ1VL" failures="0" tests="1" name="POM_DDF_TestNG_Base_Utility3.TestClass" time="1.221" errors="0" timestamp="2023-09-13T20:30:38 PDT" skipped="0">
  <testcase classname="POM_DDF_TestNG_Base_Utility3.TestClass" name="searchHotels" time="1.221">
    <system-out>
      <![CDATA[Running hotels search test case]]>
    </system-out>
  </testcase> <!-- searchHotels -->
  <system-out>
    <![CDATA[Open Browser successfully
Login successfully to application
Running hotels search test case]]>
  </system-out>
</testsuite> <!-- POM_DDF_TestNG_Base_Utility3.TestClass -->
