<?xml version="1.0" encoding="UTF-8"?>
<!-- Generated by org.testng.reporters.JUnitReportReporter -->
<testsuite hostname="DESKTOP-F6KJ1VL" failures="0" tests="1" name="Annotations2.ParameterDDemo" time="5.640" errors="0" timestamp="2023-09-10T14:01:45 PDT" skipped="0">
  <testcase classname="Annotations2.ParameterDDemo" name="TC1" time="5.640"/>
</testsuite> <!-- Annotations2.ParameterDDemo -->
