<?xml version="1.0" encoding="UTF-8"?>
<!-- Generated by org.testng.reporters.JUnitReportReporter -->
<testsuite hostname="DESKTOP-F6KJ1VL" failures="0" tests="1" name="Data_Drivern_Framework.TestNGDemo1" time="16.675" errors="0" timestamp="2023-09-07T16:04:28 PDT" skipped="0">
  <testcase classname="Data_Drivern_Framework.TestNGDemo1" name="VerifyUser" time="16.675"/>
</testsuite> <!-- Data_Drivern_Framework.TestNGDemo1 -->
