<?xml version="1.0" encoding="UTF-8"?>
<!-- Generated by org.testng.reporters.JUnitReportReporter -->
<testsuite hostname="DESKTOP-F6KJ1VL" failures="0" tests="1" name="Annotations.Annotationdemo2" time="0.005" errors="0" timestamp="2023-09-10T23:38:46 PDT" skipped="0">
  <testcase classname="Annotations.Annotationdemo2" name="Testcase2" time="0.005"/>
</testsuite> <!-- Annotations.Annotationdemo2 -->
