<?xml version="1.0" encoding="UTF-8"?>
<!-- Generated by org.testng.reporters.JUnitReportReporter -->
<testsuite hostname="DESKTOP-F6KJ1VL" failures="0" tests="2" name="Annotations.Annotations1" time="0.010" errors="0" timestamp="2023-09-10T13:53:44 PDT" skipped="0">
  <testcase classname="Annotations.Annotations1" name="changePassword" time="0.004">
    <system-out>
      <![CDATA[Running Change Password method]]>
    </system-out>
  </testcase> <!-- changePassword -->
  <testcase classname="Annotations.Annotations1" name="SearchHotels" time="0.006">
    <system-out>
      <![CDATA[Running method Search Hotel]]>
    </system-out>
  </testcase> <!-- SearchHotels -->
  <system-out>
    <![CDATA[Running before suite
Open Browser
Login to app 
Running method Search Hotel
Logout from App
Login to app 
Running Change Password method
Logout from App
Close Browser
Running afetr suite]]>
  </system-out>
</testsuite> <!-- Annotations.Annotations1 -->
