<?xml version="1.0" encoding="UTF-8"?>
<!-- Generated by org.testng.reporters.JUnitReportReporter -->
<testsuite hostname="DESKTOP-F6KJ1VL" failures="0" tests="1" name="TestNG1.TestNG_Class_Ex" time="0.042" errors="0" timestamp="2023-09-06T16:32:55 PDT" skipped="0">
  <testcase classname="TestNG1.TestNG_Class_Ex" name="TC1" time="0.042">
    <system-out>
      <![CDATA[Rennuing TC1]]>
    </system-out>
  </testcase> <!-- TC1 -->
  <system-out>
    <![CDATA[Rennuing TC1]]>
  </system-out>
</testsuite> <!-- TestNG1.TestNG_Class_Ex -->
