<?xml version="1.0" encoding="UTF-8"?>
<!-- Generated by org.testng.reporters.JUnitReportReporter -->
<testsuite hostname="DESKTOP-F6KJ1VL" failures="0" tests="3" name="TestNG_Keyword.Priority2" time="0.012" errors="0" timestamp="2023-09-05T22:21:17 PDT" skipped="0">
  <testcase classname="TestNG_Keyword.Priority2" name="TC3" time="0.009">
    <system-out>
      <![CDATA[Running method TC3]]>
    </system-out>
  </testcase> <!-- TC3 -->
  <testcase classname="TestNG_Keyword.Priority2" name="TC2" time="0.002">
    <system-out>
      <![CDATA[Running method TC2]]>
    </system-out>
  </testcase> <!-- TC2 -->
  <testcase classname="TestNG_Keyword.Priority2" name="TC1" time="0.001">
    <system-out>
      <![CDATA[Running method TC!]]>
    </system-out>
  </testcase> <!-- TC1 -->
  <system-out>
    <![CDATA[Running method TC3
Running method TC2
Running method TC!]]>
  </system-out>
</testsuite> <!-- TestNG_Keyword.Priority2 -->
