<?xml version="1.0" encoding="UTF-8"?>
<!-- Generated by org.testng.reporters.JUnitReportReporter -->
<testsuite hostname="DESKTOP-F6KJ1VL" failures="0" tests="5" name="TestNG_Keyword.priority5" time="0.015" errors="0" timestamp="2023-09-05T22:29:59 PDT" skipped="0">
  <testcase classname="TestNG_Keyword.priority5" name="TC5" time="0.009">
    <system-out>
      <![CDATA[Running method TC5]]>
    </system-out>
  </testcase> <!-- TC5 -->
  <testcase classname="TestNG_Keyword.priority5" name="TC4" time="0.002">
    <system-out>
      <![CDATA[Running method TC4]]>
    </system-out>
  </testcase> <!-- TC4 -->
  <testcase classname="TestNG_Keyword.priority5" name="TC2" time="0.001">
    <system-out>
      <![CDATA[Running method TC2]]>
    </system-out>
  </testcase> <!-- TC2 -->
  <testcase classname="TestNG_Keyword.priority5" name="TC3" time="0.001">
    <system-out>
      <![CDATA[Running method TC3]]>
    </system-out>
  </testcase> <!-- TC3 -->
  <testcase classname="TestNG_Keyword.priority5" name="TC1" time="0.002">
    <system-out>
      <![CDATA[Running method TC!]]>
    </system-out>
  </testcase> <!-- TC1 -->
  <system-out>
    <![CDATA[Running method TC5
Running method TC4
Running method TC2
Running method TC3
Running method TC!]]>
  </system-out>
</testsuite> <!-- TestNG_Keyword.priority5 -->
