<?xml version="1.0" encoding="UTF-8"?>
<!-- Generated by org.testng.reporters.JUnitReportReporter -->
<testsuite hostname="DESKTOP-F6KJ1VL" failures="0" tests="1" name="MockEx.Demo2" time="22.575" errors="0" timestamp="2023-09-25T11:52:00 PDT" skipped="0">
  <testcase classname="MockEx.Demo2" name="clickSlider" time="22.575"/>
</testsuite> <!-- MockEx.Demo2 -->
