<?xml version="1.0" encoding="UTF-8"?>
<!-- Generated by org.testng.reporters.JUnitReportReporter -->
<testsuite hostname="DESKTOP-F6KJ1VL" failures="0" tests="1" name="MockEx.Demo3" time="18.586" errors="0" timestamp="2023-09-18T21:26:02 PDT" skipped="0">
  <testcase classname="MockEx.Demo3" name="clickSlider" time="18.586"/>
</testsuite> <!-- MockEx.Demo3 -->
