<?xml version="1.0" encoding="UTF-8"?>
<!-- Generated by org.testng.reporters.JUnitReportReporter -->
<testsuite hostname="DESKTOP-F6KJ1VL" failures="0" tests="5" name="TestNG_Keyword.InnovacationCount" time="0.015" errors="0" timestamp="2023-09-05T22:16:51 PDT" skipped="0">
  <testcase classname="TestNG_Keyword.InnovacationCount" name="TC1" time="0.002">
    <system-out>
      <![CDATA[Running method TC1]]>
    </system-out>
  </testcase> <!-- TC1 -->
  <testcase classname="TestNG_Keyword.InnovacationCount" name="TC1" time="0.002">
    <system-out>
      <![CDATA[Running method TC1]]>
    </system-out>
  </testcase> <!-- TC1 -->
  <testcase classname="TestNG_Keyword.InnovacationCount" name="TC1" time="0.008">
    <system-out>
      <![CDATA[Running method TC1]]>
    </system-out>
  </testcase> <!-- TC1 -->
  <testcase classname="TestNG_Keyword.InnovacationCount" name="TC1" time="0.001">
    <system-out>
      <![CDATA[Running method TC1]]>
    </system-out>
  </testcase> <!-- TC1 -->
  <testcase classname="TestNG_Keyword.InnovacationCount" name="TC1" time="0.002">
    <system-out>
      <![CDATA[Running method TC1]]>
    </system-out>
  </testcase> <!-- TC1 -->
  <system-out>
    <![CDATA[Running method TC1
Running method TC1
Running method TC1
Running method TC1
Running method TC1]]>
  </system-out>
</testsuite> <!-- TestNG_Keyword.InnovacationCount -->
