<?xml version="1.0" encoding="UTF-8"?>
<!-- Generated by org.testng.reporters.JUnitReportReporter -->
<testsuite hostname="DESKTOP-F6KJ1VL" failures="0" tests="1" name="MockEx.Demo1" time="11.494" errors="0" timestamp="2023-09-25T11:45:41 PDT" skipped="0">
  <testcase classname="MockEx.Demo1" name="login" time="11.494"/>
</testsuite> <!-- MockEx.Demo1 -->
