<?xml version="1.0" encoding="UTF-8"?>
<!-- Generated by org.testng.reporters.JUnitReportReporter -->
<testsuite hostname="DESKTOP-F6KJ1VL" failures="0" tests="1" name="TestNG_Suite.Parallel2" time="4.402" errors="0" timestamp="2023-09-09T16:35:23 PDT" skipped="0">
  <testcase classname="TestNG_Suite.Parallel2" name="openFlipkart" time="4.402"/>
</testsuite> <!-- TestNG_Suite.Parallel2 -->
