<?xml version="1.0" encoding="UTF-8"?>
<!-- Generated by org.testng.reporters.JUnitReportReporter -->
<testsuite hostname="DESKTOP-F6KJ1VL" failures="0" tests="4" name="TestNG_Suite.GroupingTset" time="0.017" errors="0" timestamp="2023-09-08T12:42:54 PDT" skipped="0">
  <testcase classname="TestNG_Suite.GroupingTset" name="TC6" time="0.003">
    <system-out>
      <![CDATA[Running method TC6]]>
    </system-out>
  </testcase> <!-- TC6 -->
  <testcase classname="TestNG_Suite.GroupingTset" name="TC7" time="0.001">
    <system-out>
      <![CDATA[Running method TC7]]>
    </system-out>
  </testcase> <!-- TC7 -->
  <testcase classname="TestNG_Suite.GroupingTset" name="TC4" time="0.003">
    <system-out>
      <![CDATA[Running method TC4]]>
    </system-out>
  </testcase> <!-- TC4 -->
  <testcase classname="TestNG_Suite.GroupingTset" name="TC3" time="0.010">
    <system-out>
      <![CDATA[Running method TC3]]>
    </system-out>
  </testcase> <!-- TC3 -->
  <system-out>
    <![CDATA[Running method TC3
Running method TC4
Running method TC6
Running method TC7]]>
  </system-out>
</testsuite> <!-- TestNG_Suite.GroupingTset -->
