<?xml version="1.0" encoding="UTF-8"?>
<!-- Generated by org.testng.reporters.JUnitReportReporter -->
<testsuite hostname="DESKTOP-F6KJ1VL" failures="0" tests="3" name="TestNG1.DataProvider1" time="0.018" errors="0" timestamp="2023-09-10T23:16:37 PDT" skipped="0">
  <testcase classname="TestNG1.DataProvider1" name="Login" time="0.007"/>
  <testcase classname="TestNG1.DataProvider1" name="Login" time="0.008"/>
  <testcase classname="TestNG1.DataProvider1" name="Login" time="0.003"/>
</testsuite> <!-- TestNG1.DataProvider1 -->
