<?xml version="1.0" encoding="UTF-8"?>
<!-- Generated by org.testng.reporters.JUnitReportReporter -->
<testsuite hostname="DESKTOP-F6KJ1VL" failures="0" tests="1" name="Assertion.Test2" time="0.010" errors="0" timestamp="2023-09-10T14:28:58 PDT" skipped="0">
  <testcase classname="Assertion.Test2" name="TC1" time="0.010"/>
</testsuite> <!-- Assertion.Test2 -->
