<?xml version="1.0" encoding="UTF-8"?>
<!-- Generated by org.testng.reporters.JUnitReportReporter -->
<testsuite hostname="DESKTOP-F6KJ1VL" failures="0" tests="3" name="TestNG_Suite.Disable2" time="0.016" errors="0" timestamp="2023-09-06T20:38:11 PDT" skipped="0">
  <testcase classname="TestNG_Suite.Disable2" name="TC3" time="0.002">
    <system-out>
      <![CDATA[Running method TC3]]>
    </system-out>
  </testcase> <!-- TC3 -->
  <testcase classname="TestNG_Suite.Disable2" name="TC1" time="0.009">
    <system-out>
      <![CDATA[Running method TC1]]>
    </system-out>
  </testcase> <!-- TC1 -->
  <testcase classname="TestNG_Suite.Disable2" name="TC4" time="0.005">
    <system-out>
      <![CDATA[Running method TC4]]>
    </system-out>
  </testcase> <!-- TC4 -->
  <system-out>
    <![CDATA[Running method TC1
Running method TC3
Running method TC4]]>
  </system-out>
</testsuite> <!-- TestNG_Suite.Disable2 -->
