<?xml version="1.0" encoding="UTF-8"?>
<!-- Generated by org.testng.reporters.JUnitReportReporter -->
<testsuite hostname="DESKTOP-F6KJ1VL" failures="0" tests="1" name="TestNG1.ParallelTesting1" time="5.475" errors="0" timestamp="2023-09-09T12:37:05 PDT" skipped="0">
  <testcase classname="TestNG1.ParallelTesting1" name="openFlipkart" time="5.475"/>
</testsuite> <!-- TestNG1.ParallelTesting1 -->
