<?xml version="1.0" encoding="UTF-8"?>
<!-- Generated by org.testng.reporters.JUnitReportReporter -->
<testsuite hostname="DESKTOP-F6KJ1VL" failures="0" tests="2" name="TestNG_Keyword.enabled" time="0.010" errors="0" timestamp="2023-09-05T22:32:18 PDT" skipped="1">
  <testcase classname="TestNG_Keyword.enabled" name="TC1" time="0.010">
    <system-out>
      <![CDATA[Running Method TC1]]>
    </system-out>
  </testcase> <!-- TC1 -->
  <testcase classname="TestNG_Keyword.enabled" name="TC2">
    <skipped/>
  </testcase> <!-- TC2 -->
  <system-out>
    <![CDATA[Running Method TC1]]>
  </system-out>
</testsuite> <!-- TestNG_Keyword.enabled -->
