<?xml version="1.0" encoding="UTF-8"?>
<!-- Generated by org.testng.reporters.JUnitReportReporter -->
<testsuite hostname="DESKTOP-F6KJ1VL" failures="0" tests="2" name="TestNG1.DataProvidaer2" time="0.007" errors="0" timestamp="2023-09-10T23:21:54 PDT" skipped="0">
  <testcase classname="TestNG1.DataProvidaer2" name="m1" time="0.002"/>
  <testcase classname="TestNG1.DataProvidaer2" name="m1" time="0.005"/>
</testsuite> <!-- TestNG1.DataProvidaer2 -->
