<?xml version="1.0" encoding="UTF-8"?>
<!-- Generated by org.testng.reporters.JUnitReportReporter -->
<testsuite hostname="DESKTOP-F6KJ1VL" failures="0" tests="3" name="POM_DDF_TestNG_BaseClass.Adactin_Testclass" time="0.015" errors="1" timestamp="2023-09-12T18:59:48 PDT" skipped="0">
  <testcase classname="POM_DDF_TestNG_BaseClass.Adactin_Testclass" name="changePassword" time="0.002">
    <system-out>
      <![CDATA[Running Change Password method]]>
    </system-out>
  </testcase> <!-- changePassword -->
  <testcase classname="POM_DDF_TestNG_BaseClass.Adactin_Testclass" name="CloseBrowser" time="0.007">
    <error type="java.lang.StackOverflowError">
      <![CDATA[java.lang.StackOverflowError
at POM_DDF_TestNG_BaseClass.Adactin_Testclass.CloseBrowser(Adactin_Testclass.java:35)
at POM_DDF_TestNG_BaseClass.Adactin_Testclass.CloseBrowser(Adactin_Testclass.java:35)
at POM_DDF_TestNG_BaseClass.Adactin_Testclass.CloseBrowser(Adactin_Testclass.java:35)
at POM_DDF_TestNG_BaseClass.Adactin_Testclass.CloseBrowser(Adactin_Testclass.java:35)
at POM_DDF_TestNG_BaseClass.Adactin_Testclass.CloseBrowser(Adactin_Testclass.java:35)
at POM_DDF_TestNG_BaseClass.Adactin_Testclass.CloseBrowser(Adactin_Testclass.java:35)
at POM_DDF_TestNG_BaseClass.Adactin_Testclass.CloseBrowser(Adactin_Testclass.java:35)
at POM_DDF_TestNG_BaseClass.Adactin_Testclass.CloseBrowser(Adactin_Testclass.java:35)
at POM_DDF_TestNG_BaseClass.Adactin_Testclass.CloseBrowser(Adactin_Testclass.java:35)
at POM_DDF_TestNG_BaseClass.Adactin_Testclass.CloseBrowser(Adactin_Testclass.java:35)
at POM_DDF_TestNG_BaseClass.Adactin_Testclass.CloseBrowser(Adactin_Testclass.java:35)
at POM_DDF_TestNG_BaseClass.Adactin_Testclass.CloseBrowser(Adactin_Testclass.java:35)
at POM_DDF_TestNG_BaseClass.Adactin_Testclass.CloseBrowser(Adactin_Testclass.java:35)
at POM_DDF_TestNG_BaseClass.Adactin_Testclass.CloseBrowser(Adactin_Testclass.java:35)
at POM_DDF_TestNG_BaseClass.Adactin_Testclass.CloseBrowser(Adactin_Testclass.java:35)
at POM_DDF_TestNG_BaseClass.Adactin_Testclass.CloseBrowser(Adactin_Testclass.java:35)
at POM_DDF_TestNG_BaseClass.Adactin_Testclass.CloseBrowser(Adactin_Testclass.java:35)
at POM_DDF_TestNG_BaseClass.Adactin_Testclass.CloseBrowser(Adactin_Testclass.java:35)
at POM_DDF_TestNG_BaseClass.Adactin_Testclass.CloseBrowser(Adactin_Testclass.java:35)
at POM_DDF_TestNG_BaseClass.Adactin_Testclass.CloseBrowser(Adactin_Testclass.java:35)
at POM_DDF_TestNG_BaseClass.Adactin_Testclass.CloseBrowser(Adactin_Testclass.java:35)
at POM_DDF_TestNG_BaseClass.Adactin_Testclass.CloseBrowser(Adactin_Testclass.java:35)
at POM_DDF_TestNG_BaseClass.Adactin_Testclass.CloseBrowser(Adactin_Testclass.java:35)
at POM_DDF_TestNG_BaseClass.Adactin_Testclass.CloseBrowser(Adactin_Testclass.java:35)
at POM_DDF_TestNG_BaseClass.Adactin_Testclass.CloseBrowser(Adactin_Testclass.java:35)
at POM_DDF_TestNG_BaseClass.Adactin_Testclass.CloseBrowser(Adactin_Testclass.java:35)
at POM_DDF_TestNG_BaseClass.Adactin_Testclass.CloseBrowser(Adactin_Testclass.java:35)
at POM_DDF_TestNG_BaseClass.Adactin_Testclass.CloseBrowser(Adactin_Testclass.java:35)
at POM_DDF_TestNG_BaseClass.Adactin_Testclass.CloseBrowser(Adactin_Testclass.java:35)
at POM_DDF_TestNG_BaseClass.Adactin_Testclass.CloseBrowser(Adactin_Testclass.java:35)
at POM_DDF_TestNG_BaseClass.Adactin_Testclass.CloseBrowser(Adactin_Testclass.java:35)
at POM_DDF_TestNG_BaseClass.Adactin_Testclass.CloseBrowser(Adactin_Testclass.java:35)
at POM_DDF_TestNG_BaseClass.Adactin_Testclass.CloseBrowser(Adactin_Testclass.java:35)
at POM_DDF_TestNG_BaseClass.Adactin_Testclass.CloseBrowser(Adactin_Testclass.java:35)
at POM_DDF_TestNG_BaseClass.Adactin_Testclass.CloseBrowser(Adactin_Testclass.java:35)
at POM_DDF_TestNG_BaseClass.Adactin_Testclass.CloseBrowser(Adactin_Testclass.java:35)
at POM_DDF_TestNG_BaseClass.Adactin_Testclass.CloseBrowser(Adactin_Testclass.java:35)
at POM_DDF_TestNG_BaseClass.Adactin_Testclass.CloseBrowser(Adactin_Testclass.java:35)
at POM_DDF_TestNG_BaseClass.Adactin_Testclass.CloseBrowser(Adactin_Testclass.java:35)
at POM_DDF_TestNG_BaseClass.Adactin_Testclass.CloseBrowser(Adactin_Testclass.java:35)
at POM_DDF_TestNG_BaseClass.Adactin_Testclass.CloseBrowser(Adactin_Testclass.java:35)
at POM_DDF_TestNG_BaseClass.Adactin_Testclass.CloseBrowser(Adactin_Testclass.java:35)
at POM_DDF_TestNG_BaseClass.Adactin_Testclass.CloseBrowser(Adactin_Testclass.java:35)
at POM_DDF_TestNG_BaseClass.Adactin_Testclass.CloseBrowser(Adactin_Testclass.java:35)
at POM_DDF_TestNG_BaseClass.Adactin_Testclass.CloseBrowser(Adactin_Testclass.java:35)
at POM_DDF_TestNG_BaseClass.Adactin_Testclass.CloseBrowser(Adactin_Testclass.java:35)
at POM_DDF_TestNG_BaseClass.Adactin_Testclass.CloseBrowser(Adactin_Testclass.java:35)
at POM_DDF_TestNG_BaseClass.Adactin_Testclass.CloseBrowser(Adactin_Testclass.java:35)
at POM_DDF_TestNG_BaseClass.Adactin_Testclass.CloseBrowser(Adactin_Testclass.java:35)
at POM_DDF_TestNG_BaseClass.Adactin_Testclass.CloseBrowser(Adactin_Testclass.java:35)
at POM_DDF_TestNG_BaseClass.Adactin_Testclass.CloseBrowser(Adactin_Testclass.java:35)
at POM_DDF_TestNG_BaseClass.Adactin_Testclass.CloseBrowser(Adactin_Testclass.java:35)
at POM_DDF_TestNG_BaseClass.Adactin_Testclass.CloseBrowser(Adactin_Testclass.java:35)
at POM_DDF_TestNG_BaseClass.Adactin_Testclass.CloseBrowser(Adactin_Testclass.java:35)
at POM_DDF_TestNG_BaseClass.Adactin_Testclass.CloseBrowser(Adactin_Testclass.java:35)
at POM_DDF_TestNG_BaseClass.Adactin_Testclass.CloseBrowser(Adactin_Testclass.java:35)
at POM_DDF_TestNG_BaseClass.Adactin_Testclass.CloseBrowser(Adactin_Testclass.java:35)
at POM_DDF_TestNG_BaseClass.Adactin_Testclass.CloseBrowser(Adactin_Testclass.java:35)
at POM_DDF_TestNG_BaseClass.Adactin_Testclass.CloseBrowser(Adactin_Testclass.java:35)
at POM_DDF_TestNG_BaseClass.Adactin_Testclass.CloseBrowser(Adactin_Testclass.java:35)
at POM_DDF_TestNG_BaseClass.Adactin_Testclass.CloseBrowser(Adactin_Testclass.java:35)
at POM_DDF_TestNG_BaseClass.Adactin_Testclass.CloseBrowser(Adactin_Testclass.java:35)
at POM_DDF_TestNG_BaseClass.Adactin_Testclass.CloseBrowser(Adactin_Testclass.java:35)
at POM_DDF_TestNG_BaseClass.Adactin_Testclass.CloseBrowser(Adactin_Testclass.java:35)
at POM_DDF_TestNG_BaseClass.Adactin_Testclass.CloseBrowser(Adactin_Testclass.java:35)
at POM_DDF_TestNG_BaseClass.Adactin_Testclass.CloseBrowser(Adactin_Testclass.java:35)
at POM_DDF_TestNG_BaseClass.Adactin_Testclass.CloseBrowser(Adactin_Testclass.java:35)
at POM_DDF_TestNG_BaseClass.Adactin_Testclass.CloseBrowser(Adactin_Testclass.java:35)
at POM_DDF_TestNG_BaseClass.Adactin_Testclass.CloseBrowser(Adactin_Testclass.java:35)
at POM_DDF_TestNG_BaseClass.Adactin_Testclass.CloseBrowser(Adactin_Testclass.java:35)
at POM_DDF_TestNG_BaseClass.Adactin_Testclass.CloseBrowser(Adactin_Testclass.java:35)
at POM_DDF_TestNG_BaseClass.Adactin_Testclass.CloseBrowser(Adactin_Testclass.java:35)
at POM_DDF_TestNG_BaseClass.Adactin_Testclass.CloseBrowser(Adactin_Testclass.java:35)
at POM_DDF_TestNG_BaseClass.Adactin_Testclass.CloseBrowser(Adactin_Testclass.java:35)
at POM_DDF_TestNG_BaseClass.Adactin_Testclass.CloseBrowser(Adactin_Testclass.java:35)
at POM_DDF_TestNG_BaseClass.Adactin_Testclass.CloseBrowser(Adactin_Testclass.java:35)
at POM_DDF_TestNG_BaseClass.Adactin_Testclass.CloseBrowser(Adactin_Testclass.java:35)
at POM_DDF_TestNG_BaseClass.Adactin_Testclass.CloseBrowser(Adactin_Testclass.java:35)
at POM_DDF_TestNG_BaseClass.Adactin_Testclass.CloseBrowser(Adactin_Testclass.java:35)
at POM_DDF_TestNG_BaseClass.Adactin_Testclass.CloseBrowser(Adactin_Testclass.java:35)
at POM_DDF_TestNG_BaseClass.Adactin_Testclass.CloseBrowser(Adactin_Testclass.java:35)
at POM_DDF_TestNG_BaseClass.Adactin_Testclass.CloseBrowser(Adactin_Testclass.java:35)
at POM_DDF_TestNG_BaseClass.Adactin_Testclass.CloseBrowser(Adactin_Testclass.java:35)
at POM_DDF_TestNG_BaseClass.Adactin_Testclass.CloseBrowser(Adactin_Testclass.java:35)
at POM_DDF_TestNG_BaseClass.Adactin_Testclass.CloseBrowser(Adactin_Testclass.java:35)
at POM_DDF_TestNG_BaseClass.Adactin_Testclass.CloseBrowser(Adactin_Testclass.java:35)
at POM_DDF_TestNG_BaseClass.Adactin_Testclass.CloseBrowser(Adactin_Testclass.java:35)
at POM_DDF_TestNG_BaseClass.Adactin_Testclass.CloseBrowser(Adactin_Testclass.java:35)
at POM_DDF_TestNG_BaseClass.Adactin_Testclass.CloseBrowser(Adactin_Testclass.java:35)
at POM_DDF_TestNG_BaseClass.Adactin_Testclass.CloseBrowser(Adactin_Testclass.java:35)
at POM_DDF_TestNG_BaseClass.Adactin_Testclass.CloseBrowser(Adactin_Testclass.java:35)
at POM_DDF_TestNG_BaseClass.Adactin_Testclass.CloseBrowser(Adactin_Testclass.java:35)
at POM_DDF_TestNG_BaseClass.Adactin_Testclass.CloseBrowser(Adactin_Testclass.java:35)
at POM_DDF_TestNG_BaseClass.Adactin_Testclass.CloseBrowser(Adactin_Testclass.java:35)
at POM_DDF_TestNG_BaseClass.Adactin_Testclass.CloseBrowser(Adactin_Testclass.java:35)
at POM_DDF_TestNG_BaseClass.Adactin_Testclass.CloseBrowser(Adactin_Testclass.java:35)
at POM_DDF_TestNG_BaseClass.Adactin_Testclass.CloseBrowser(Adactin_Testclass.java:35)
at POM_DDF_TestNG_BaseClass.Adactin_Testclass.CloseBrowser(Adactin_Testclass.java:35)
at POM_DDF_TestNG_BaseClass.Adactin_Testclass.CloseBrowser(Adactin_Testclass.java:35)
at POM_DDF_TestNG_BaseClass.Adactin_Testclass.CloseBrowser(Adactin_Testclass.java:35)
at POM_DDF_TestNG_BaseClass.Adactin_Testclass.CloseBrowser(Adactin_Testclass.java:35)
at POM_DDF_TestNG_BaseClass.Adactin_Testclass.CloseBrowser(Adactin_Testclass.java:35)
at POM_DDF_TestNG_BaseClass.Adactin_Testclass.CloseBrowser(Adactin_Testclass.java:35)
at POM_DDF_TestNG_BaseClass.Adactin_Testclass.CloseBrowser(Adactin_Testclass.java:35)
at POM_DDF_TestNG_BaseClass.Adactin_Testclass.CloseBrowser(Adactin_Testclass.java:35)
at POM_DDF_TestNG_BaseClass.Adactin_Testclass.CloseBrowser(Adactin_Testclass.java:35)
at POM_DDF_TestNG_BaseClass.Adactin_Testclass.CloseBrowser(Adactin_Testclass.java:35)
at POM_DDF_TestNG_BaseClass.Adactin_Testclass.CloseBrowser(Adactin_Testclass.java:35)
at POM_DDF_TestNG_BaseClass.Adactin_Testclass.CloseBrowser(Adactin_Testclass.java:35)
at POM_DDF_TestNG_BaseClass.Adactin_Testclass.CloseBrowser(Adactin_Testclass.java:35)
at POM_DDF_TestNG_BaseClass.Adactin_Testclass.CloseBrowser(Adactin_Testclass.java:35)
at POM_DDF_TestNG_BaseClass.Adactin_Testclass.CloseBrowser(Adactin_Testclass.java:35)
at POM_DDF_TestNG_BaseClass.Adactin_Testclass.CloseBrowser(Adactin_Testclass.java:35)
at POM_DDF_TestNG_BaseClass.Adactin_Testclass.CloseBrowser(Adactin_Testclass.java:35)
at POM_DDF_TestNG_BaseClass.Adactin_Testclass.CloseBrowser(Adactin_Testclass.java:35)
at POM_DDF_TestNG_BaseClass.Adactin_Testclass.CloseBrowser(Adactin_Testclass.java:35)
at POM_DDF_TestNG_BaseClass.Adactin_Testclass.CloseBrowser(Adactin_Testclass.java:35)
at POM_DDF_TestNG_BaseClass.Adactin_Testclass.CloseBrowser(Adactin_Testclass.java:35)
at POM_DDF_TestNG_BaseClass.Adactin_Testclass.CloseBrowser(Adactin_Testclass.java:35)
at POM_DDF_TestNG_BaseClass.Adactin_Testclass.CloseBrowser(Adactin_Testclass.java:35)
at POM_DDF_TestNG_BaseClass.Adactin_Testclass.CloseBrowser(Adactin_Testclass.java:35)
at POM_DDF_TestNG_BaseClass.Adactin_Testclass.CloseBrowser(Adactin_Testclass.java:35)
at POM_DDF_TestNG_BaseClass.Adactin_Testclass.CloseBrowser(Adactin_Testclass.java:35)
at POM_DDF_TestNG_BaseClass.Adactin_Testclass.CloseBrowser(Adactin_Testclass.java:35)
at POM_DDF_TestNG_BaseClass.Adactin_Testclass.CloseBrowser(Adactin_Testclass.java:35)
at POM_DDF_TestNG_BaseClass.Adactin_Testclass.CloseBrowser(Adactin_Testclass.java:35)
at POM_DDF_TestNG_BaseClass.Adactin_Testclass.CloseBrowser(Adactin_Testclass.java:35)
at POM_DDF_TestNG_BaseClass.Adactin_Testclass.CloseBrowser(Adactin_Testclass.java:35)
at POM_DDF_TestNG_BaseClass.Adactin_Testclass.CloseBrowser(Adactin_Testclass.java:35)
at POM_DDF_TestNG_BaseClass.Adactin_Testclass.CloseBrowser(Adactin_Testclass.java:35)
at POM_DDF_TestNG_BaseClass.Adactin_Testclass.CloseBrowser(Adactin_Testclass.java:35)
at POM_DDF_TestNG_BaseClass.Adactin_Testclass.CloseBrowser(Adactin_Testclass.java:35)
at POM_DDF_TestNG_BaseClass.Adactin_Testclass.CloseBrowser(Adactin_Testclass.java:35)
at POM_DDF_TestNG_BaseClass.Adactin_Testclass.CloseBrowser(Adactin_Testclass.java:35)
at POM_DDF_TestNG_BaseClass.Adactin_Testclass.CloseBrowser(Adactin_Testclass.java:35)
at POM_DDF_TestNG_BaseClass.Adactin_Testclass.CloseBrowser(Adactin_Testclass.java:35)
at POM_DDF_TestNG_BaseClass.Adactin_Testclass.CloseBrowser(Adactin_Testclass.java:35)
at POM_DDF_TestNG_BaseClass.Adactin_Testclass.CloseBrowser(Adactin_Testclass.java:35)
at POM_DDF_TestNG_BaseClass.Adactin_Testclass.CloseBrowser(Adactin_Testclass.java:35)
at POM_DDF_TestNG_BaseClass.Adactin_Testclass.CloseBrowser(Adactin_Testclass.java:35)
at POM_DDF_TestNG_BaseClass.Adactin_Testclass.CloseBrowser(Adactin_Testclass.java:35)
at POM_DDF_TestNG_BaseClass.Adactin_Testclass.CloseBrowser(Adactin_Testclass.java:35)
at POM_DDF_TestNG_BaseClass.Adactin_Testclass.CloseBrowser(Adactin_Testclass.java:35)
at POM_DDF_TestNG_BaseClass.Adactin_Testclass.CloseBrowser(Adactin_Testclass.java:35)
at POM_DDF_TestNG_BaseClass.Adactin_Testclass.CloseBrowser(Adactin_Testclass.java:35)
at POM_DDF_TestNG_BaseClass.Adactin_Testclass.CloseBrowser(Adactin_Testclass.java:35)
at POM_DDF_TestNG_BaseClass.Adactin_Testclass.CloseBrowser(Adactin_Testclass.java:35)
at POM_DDF_TestNG_BaseClass.Adactin_Testclass.CloseBrowser(Adactin_Testclass.java:35)
at POM_DDF_TestNG_BaseClass.Adactin_Testclass.CloseBrowser(Adactin_Testclass.java:35)
at POM_DDF_TestNG_BaseClass.Adactin_Testclass.CloseBrowser(Adactin_Testclass.java:35)
at POM_DDF_TestNG_BaseClass.Adactin_Testclass.CloseBrowser(Adactin_Testclass.java:35)
at POM_DDF_TestNG_BaseClass.Adactin_Testclass.CloseBrowser(Adactin_Testclass.java:35)
at POM_DDF_TestNG_BaseClass.Adactin_Testclass.CloseBrowser(Adactin_Testclass.java:35)
at POM_DDF_TestNG_BaseClass.Adactin_Testclass.CloseBrowser(Adactin_Testclass.java:35)
at POM_DDF_TestNG_BaseClass.Adactin_Testclass.CloseBrowser(Adactin_Testclass.java:35)
at POM_DDF_TestNG_BaseClass.Adactin_Testclass.CloseBrowser(Adactin_Testclass.java:35)
at POM_DDF_TestNG_BaseClass.Adactin_Testclass.CloseBrowser(Adactin_Testclass.java:35)
at POM_DDF_TestNG_BaseClass.Adactin_Testclass.CloseBrowser(Adactin_Testclass.java:35)
at POM_DDF_TestNG_BaseClass.Adactin_Testclass.CloseBrowser(Adactin_Testclass.java:35)
at POM_DDF_TestNG_BaseClass.Adactin_Testclass.CloseBrowser(Adactin_Testclass.java:35)
at POM_DDF_TestNG_BaseClass.Adactin_Testclass.CloseBrowser(Adactin_Testclass.java:35)
at POM_DDF_TestNG_BaseClass.Adactin_Testclass.CloseBrowser(Adactin_Testclass.java:35)
at POM_DDF_TestNG_BaseClass.Adactin_Testclass.CloseBrowser(Adactin_Testclass.java:35)
at POM_DDF_TestNG_BaseClass.Adactin_Testclass.CloseBrowser(Adactin_Testclass.java:35)
at POM_DDF_TestNG_BaseClass.Adactin_Testclass.CloseBrowser(Adactin_Testclass.java:35)
at POM_DDF_TestNG_BaseClass.Adactin_Testclass.CloseBrowser(Adactin_Testclass.java:35)
at POM_DDF_TestNG_BaseClass.Adactin_Testclass.CloseBrowser(Adactin_Testclass.java:35)
at POM_DDF_TestNG_BaseClass.Adactin_Testclass.CloseBrowser(Adactin_Testclass.java:35)
at POM_DDF_TestNG_BaseClass.Adactin_Testclass.CloseBrowser(Adactin_Testclass.java:35)
at POM_DDF_TestNG_BaseClass.Adactin_Testclass.CloseBrowser(Adactin_Testclass.java:35)
at POM_DDF_TestNG_BaseClass.Adactin_Testclass.CloseBrowser(Adactin_Testclass.java:35)
at POM_DDF_TestNG_BaseClass.Adactin_Testclass.CloseBrowser(Adactin_Testclass.java:35)
at POM_DDF_TestNG_BaseClass.Adactin_Testclass.CloseBrowser(Adactin_Testclass.java:35)
at POM_DDF_TestNG_BaseClass.Adactin_Testclass.CloseBrowser(Adactin_Testclass.java:35)
at POM_DDF_TestNG_BaseClass.Adactin_Testclass.CloseBrowser(Adactin_Testclass.java:35)
at POM_DDF_TestNG_BaseClass.Adactin_Testclass.CloseBrowser(Adactin_Testclass.java:35)
at POM_DDF_TestNG_BaseClass.Adactin_Testclass.CloseBrowser(Adactin_Testclass.java:35)
at POM_DDF_TestNG_BaseClass.Adactin_Testclass.CloseBrowser(Adactin_Testclass.java:35)
at POM_DDF_TestNG_BaseClass.Adactin_Testclass.CloseBrowser(Adactin_Testclass.java:35)
at POM_DDF_TestNG_BaseClass.Adactin_Testclass.CloseBrowser(Adactin_Testclass.java:35)
at POM_DDF_TestNG_BaseClass.Adactin_Testclass.CloseBrowser(Adactin_Testclass.java:35)
at POM_DDF_TestNG_BaseClass.Adactin_Testclass.CloseBrowser(Adactin_Testclass.java:35)
at POM_DDF_TestNG_BaseClass.Adactin_Testclass.CloseBrowser(Adactin_Testclass.java:35)
at POM_DDF_TestNG_BaseClass.Adactin_Testclass.CloseBrowser(Adactin_Testclass.java:35)
at POM_DDF_TestNG_BaseClass.Adactin_Testclass.CloseBrowser(Adactin_Testclass.java:35)
at POM_DDF_TestNG_BaseClass.Adactin_Testclass.CloseBrowser(Adactin_Testclass.java:35)
at POM_DDF_TestNG_BaseClass.Adactin_Testclass.CloseBrowser(Adactin_Testclass.java:35)
at POM_DDF_TestNG_BaseClass.Adactin_Testclass.CloseBrowser(Adactin_Testclass.java:35)
at POM_DDF_TestNG_BaseClass.Adactin_Testclass.CloseBrowser(Adactin_Testclass.java:35)
at POM_DDF_TestNG_BaseClass.Adactin_Testclass.CloseBrowser(Adactin_Testclass.java:35)
at POM_DDF_TestNG_BaseClass.Adactin_Testclass.CloseBrowser(Adactin_Testclass.java:35)
at POM_DDF_TestNG_BaseClass.Adactin_Testclass.CloseBrowser(Adactin_Testclass.java:35)
at POM_DDF_TestNG_BaseClass.Adactin_Testclass.CloseBrowser(Adactin_Testclass.java:35)
at POM_DDF_TestNG_BaseClass.Adactin_Testclass.CloseBrowser(Adactin_Testclass.java:35)
at POM_DDF_TestNG_BaseClass.Adactin_Testclass.CloseBrowser(Adactin_Testclass.java:35)
at POM_DDF_TestNG_BaseClass.Adactin_Testclass.CloseBrowser(Adactin_Testclass.java:35)
at POM_DDF_TestNG_BaseClass.Adactin_Testclass.CloseBrowser(Adactin_Testclass.java:35)
at POM_DDF_TestNG_BaseClass.Adactin_Testclass.CloseBrowser(Adactin_Testclass.java:35)
at POM_DDF_TestNG_BaseClass.Adactin_Testclass.CloseBrowser(Adactin_Testclass.java:35)
at POM_DDF_TestNG_BaseClass.Adactin_Testclass.CloseBrowser(Adactin_Testclass.java:35)
at POM_DDF_TestNG_BaseClass.Adactin_Testclass.CloseBrowser(Adactin_Testclass.java:35)
at POM_DDF_TestNG_BaseClass.Adactin_Testclass.CloseBrowser(Adactin_Testclass.java:35)
at POM_DDF_TestNG_BaseClass.Adactin_Testclass.CloseBrowser(Adactin_Testclass.java:35)
at POM_DDF_TestNG_BaseClass.Adactin_Testclass.CloseBrowser(Adactin_Testclass.java:35)
at POM_DDF_TestNG_BaseClass.Adactin_Testclass.CloseBrowser(Adactin_Testclass.java:35)
at POM_DDF_TestNG_BaseClass.Adactin_Testclass.CloseBrowser(Adactin_Testclass.java:35)
at POM_DDF_TestNG_BaseClass.Adactin_Testclass.CloseBrowser(Adactin_Testclass.java:35)
at POM_DDF_TestNG_BaseClass.Adactin_Testclass.CloseBrowser(Adactin_Testclass.java:35)
at POM_DDF_TestNG_BaseClass.Adactin_Testclass.CloseBrowser(Adactin_Testclass.java:35)
at POM_DDF_TestNG_BaseClass.Adactin_Testclass.CloseBrowser(Adactin_Testclass.java:35)
at POM_DDF_TestNG_BaseClass.Adactin_Testclass.CloseBrowser(Adactin_Testclass.java:35)
at POM_DDF_TestNG_BaseClass.Adactin_Testclass.CloseBrowser(Adactin_Testclass.java:35)
at POM_DDF_TestNG_BaseClass.Adactin_Testclass.CloseBrowser(Adactin_Testclass.java:35)
at POM_DDF_TestNG_BaseClass.Adactin_Testclass.CloseBrowser(Adactin_Testclass.java:35)
at POM_DDF_TestNG_BaseClass.Adactin_Testclass.CloseBrowser(Adactin_Testclass.java:35)
at POM_DDF_TestNG_BaseClass.Adactin_Testclass.CloseBrowser(Adactin_Testclass.java:35)
at POM_DDF_TestNG_BaseClass.Adactin_Testclass.CloseBrowser(Adactin_Testclass.java:35)
at POM_DDF_TestNG_BaseClass.Adactin_Testclass.CloseBrowser(Adactin_Testclass.java:35)
at POM_DDF_TestNG_BaseClass.Adactin_Testclass.CloseBrowser(Adactin_Testclass.java:35)
at POM_DDF_TestNG_BaseClass.Adactin_Testclass.CloseBrowser(Adactin_Testclass.java:35)
at POM_DDF_TestNG_BaseClass.Adactin_Testclass.CloseBrowser(Adactin_Testclass.java:35)
at POM_DDF_TestNG_BaseClass.Adactin_Testclass.CloseBrowser(Adactin_Testclass.java:35)
at POM_DDF_TestNG_BaseClass.Adactin_Testclass.CloseBrowser(Adactin_Testclass.java:35)
at POM_DDF_TestNG_BaseClass.Adactin_Testclass.CloseBrowser(Adactin_Testclass.java:35)
at POM_DDF_TestNG_BaseClass.Adactin_Testclass.CloseBrowser(Adactin_Testclass.java:35)
at POM_DDF_TestNG_BaseClass.Adactin_Testclass.CloseBrowser(Adactin_Testclass.java:35)
at POM_DDF_TestNG_BaseClass.Adactin_Testclass.CloseBrowser(Adactin_Testclass.java:35)
at POM_DDF_TestNG_BaseClass.Adactin_Testclass.CloseBrowser(Adactin_Testclass.java:35)
at POM_DDF_TestNG_BaseClass.Adactin_Testclass.CloseBrowser(Adactin_Testclass.java:35)
at POM_DDF_TestNG_BaseClass.Adactin_Testclass.CloseBrowser(Adactin_Testclass.java:35)
at POM_DDF_TestNG_BaseClass.Adactin_Testclass.CloseBrowser(Adactin_Testclass.java:35)
at POM_DDF_TestNG_BaseClass.Adactin_Testclass.CloseBrowser(Adactin_Testclass.java:35)
at POM_DDF_TestNG_BaseClass.Adactin_Testclass.CloseBrowser(Adactin_Testclass.java:35)
at POM_DDF_TestNG_BaseClass.Adactin_Testclass.CloseBrowser(Adactin_Testclass.java:35)
at POM_DDF_TestNG_BaseClass.Adactin_Testclass.CloseBrowser(Adactin_Testclass.java:35)
at POM_DDF_TestNG_BaseClass.Adactin_Testclass.CloseBrowser(Adactin_Testclass.java:35)
at POM_DDF_TestNG_BaseClass.Adactin_Testclass.CloseBrowser(Adactin_Testclass.java:35)
at POM_DDF_TestNG_BaseClass.Adactin_Testclass.CloseBrowser(Adactin_Testclass.java:35)
at POM_DDF_TestNG_BaseClass.Adactin_Testclass.CloseBrowser(Adactin_Testclass.java:35)
at POM_DDF_TestNG_BaseClass.Adactin_Testclass.CloseBrowser(Adactin_Testclass.java:35)
at POM_DDF_TestNG_BaseClass.Adactin_Testclass.CloseBrowser(Adactin_Testclass.java:35)
at POM_DDF_TestNG_BaseClass.Adactin_Testclass.CloseBrowser(Adactin_Testclass.java:35)
at POM_DDF_TestNG_BaseClass.Adactin_Testclass.CloseBrowser(Adactin_Testclass.java:35)
at POM_DDF_TestNG_BaseClass.Adactin_Testclass.CloseBrowser(Adactin_Testclass.java:35)
at POM_DDF_TestNG_BaseClass.Adactin_Testclass.CloseBrowser(Adactin_Testclass.java:35)
at POM_DDF_TestNG_BaseClass.Adactin_Testclass.CloseBrowser(Adactin_Testclass.java:35)
at POM_DDF_TestNG_BaseClass.Adactin_Testclass.CloseBrowser(Adactin_Testclass.java:35)
at POM_DDF_TestNG_BaseClass.Adactin_Testclass.CloseBrowser(Adactin_Testclass.java:35)
at POM_DDF_TestNG_BaseClass.Adactin_Testclass.CloseBrowser(Adactin_Testclass.java:35)
at POM_DDF_TestNG_BaseClass.Adactin_Testclass.CloseBrowser(Adactin_Testclass.java:35)
at POM_DDF_TestNG_BaseClass.Adactin_Testclass.CloseBrowser(Adactin_Testclass.java:35)
at POM_DDF_TestNG_BaseClass.Adactin_Testclass.CloseBrowser(Adactin_Testclass.java:35)
at POM_DDF_TestNG_BaseClass.Adactin_Testclass.CloseBrowser(Adactin_Testclass.java:35)
at POM_DDF_TestNG_BaseClass.Adactin_Testclass.CloseBrowser(Adactin_Testclass.java:35)
at POM_DDF_TestNG_BaseClass.Adactin_Testclass.CloseBrowser(Adactin_Testclass.java:35)
at POM_DDF_TestNG_BaseClass.Adactin_Testclass.CloseBrowser(Adactin_Testclass.java:35)
at POM_DDF_TestNG_BaseClass.Adactin_Testclass.CloseBrowser(Adactin_Testclass.java:35)
at POM_DDF_TestNG_BaseClass.Adactin_Testclass.CloseBrowser(Adactin_Testclass.java:35)
at POM_DDF_TestNG_BaseClass.Adactin_Testclass.CloseBrowser(Adactin_Testclass.java:35)
at POM_DDF_TestNG_BaseClass.Adactin_Testclass.CloseBrowser(Adactin_Testclass.java:35)
at POM_DDF_TestNG_BaseClass.Adactin_Testclass.CloseBrowser(Adactin_Testclass.java:35)
at POM_DDF_TestNG_BaseClass.Adactin_Testclass.CloseBrowser(Adactin_Testclass.java:35)
at POM_DDF_TestNG_BaseClass.Adactin_Testclass.CloseBrowser(Adactin_Testclass.java:35)
at POM_DDF_TestNG_BaseClass.Adactin_Testclass.CloseBrowser(Adactin_Testclass.java:35)
at POM_DDF_TestNG_BaseClass.Adactin_Testclass.CloseBrowser(Adactin_Testclass.java:35)
at POM_DDF_TestNG_BaseClass.Adactin_Testclass.CloseBrowser(Adactin_Testclass.java:35)
at POM_DDF_TestNG_BaseClass.Adactin_Testclass.CloseBrowser(Adactin_Testclass.java:35)
at POM_DDF_TestNG_BaseClass.Adactin_Testclass.CloseBrowser(Adactin_Testclass.java:35)
at POM_DDF_TestNG_BaseClass.Adactin_Testclass.CloseBrowser(Adactin_Testclass.java:35)
at POM_DDF_TestNG_BaseClass.Adactin_Testclass.CloseBrowser(Adactin_Testclass.java:35)
at POM_DDF_TestNG_BaseClass.Adactin_Testclass.CloseBrowser(Adactin_Testclass.java:35)
at POM_DDF_TestNG_BaseClass.Adactin_Testclass.CloseBrowser(Adactin_Testclass.java:35)
at POM_DDF_TestNG_BaseClass.Adactin_Testclass.CloseBrowser(Adactin_Testclass.java:35)
at POM_DDF_TestNG_BaseClass.Adactin_Testclass.CloseBrowser(Adactin_Testclass.java:35)
at POM_DDF_TestNG_BaseClass.Adactin_Testclass.CloseBrowser(Adactin_Testclass.java:35)
at POM_DDF_TestNG_BaseClass.Adactin_Testclass.CloseBrowser(Adactin_Testclass.java:35)
at POM_DDF_TestNG_BaseClass.Adactin_Testclass.CloseBrowser(Adactin_Testclass.java:35)
at POM_DDF_TestNG_BaseClass.Adactin_Testclass.CloseBrowser(Adactin_Testclass.java:35)
at POM_DDF_TestNG_BaseClass.Adactin_Testclass.CloseBrowser(Adactin_Testclass.java:35)
at POM_DDF_TestNG_BaseClass.Adactin_Testclass.CloseBrowser(Adactin_Testclass.java:35)
at POM_DDF_TestNG_BaseClass.Adactin_Testclass.CloseBrowser(Adactin_Testclass.java:35)
at POM_DDF_TestNG_BaseClass.Adactin_Testclass.CloseBrowser(Adactin_Testclass.java:35)
at POM_DDF_TestNG_BaseClass.Adactin_Testclass.CloseBrowser(Adactin_Testclass.java:35)
at POM_DDF_TestNG_BaseClass.Adactin_Testclass.CloseBrowser(Adactin_Testclass.java:35)
at POM_DDF_TestNG_BaseClass.Adactin_Testclass.CloseBrowser(Adactin_Testclass.java:35)
at POM_DDF_TestNG_BaseClass.Adactin_Testclass.CloseBrowser(Adactin_Testclass.java:35)
at POM_DDF_TestNG_BaseClass.Adactin_Testclass.CloseBrowser(Adactin_Testclass.java:35)
at POM_DDF_TestNG_BaseClass.Adactin_Testclass.CloseBrowser(Adactin_Testclass.java:35)
at POM_DDF_TestNG_BaseClass.Adactin_Testclass.CloseBrowser(Adactin_Testclass.java:35)
at POM_DDF_TestNG_BaseClass.Adactin_Testclass.CloseBrowser(Adactin_Testclass.java:35)
at POM_DDF_TestNG_BaseClass.Adactin_Testclass.CloseBrowser(Adactin_Testclass.java:35)
at POM_DDF_TestNG_BaseClass.Adactin_Testclass.CloseBrowser(Adactin_Testclass.java:35)
at POM_DDF_TestNG_BaseClass.Adactin_Testclass.CloseBrowser(Adactin_Testclass.java:35)
at POM_DDF_TestNG_BaseClass.Adactin_Testclass.CloseBrowser(Adactin_Testclass.java:35)
at POM_DDF_TestNG_BaseClass.Adactin_Testclass.CloseBrowser(Adactin_Testclass.java:35)
at POM_DDF_TestNG_BaseClass.Adactin_Testclass.CloseBrowser(Adactin_Testclass.java:35)
at POM_DDF_TestNG_BaseClass.Adactin_Testclass.CloseBrowser(Adactin_Testclass.java:35)
at POM_DDF_TestNG_BaseClass.Adactin_Testclass.CloseBrowser(Adactin_Testclass.java:35)
at POM_DDF_TestNG_BaseClass.Adactin_Testclass.CloseBrowser(Adactin_Testclass.java:35)
at POM_DDF_TestNG_BaseClass.Adactin_Testclass.CloseBrowser(Adactin_Testclass.java:35)
at POM_DDF_TestNG_BaseClass.Adactin_Testclass.CloseBrowser(Adactin_Testclass.java:35)
at POM_DDF_TestNG_BaseClass.Adactin_Testclass.CloseBrowser(Adactin_Testclass.java:35)
at POM_DDF_TestNG_BaseClass.Adactin_Testclass.CloseBrowser(Adactin_Testclass.java:35)
at POM_DDF_TestNG_BaseClass.Adactin_Testclass.CloseBrowser(Adactin_Testclass.java:35)
at POM_DDF_TestNG_BaseClass.Adactin_Testclass.CloseBrowser(Adactin_Testclass.java:35)
at POM_DDF_TestNG_BaseClass.Adactin_Testclass.CloseBrowser(Adactin_Testclass.java:35)
at POM_DDF_TestNG_BaseClass.Adactin_Testclass.CloseBrowser(Adactin_Testclass.java:35)
at POM_DDF_TestNG_BaseClass.Adactin_Testclass.CloseBrowser(Adactin_Testclass.java:35)
at POM_DDF_TestNG_BaseClass.Adactin_Testclass.CloseBrowser(Adactin_Testclass.java:35)
at POM_DDF_TestNG_BaseClass.Adactin_Testclass.CloseBrowser(Adactin_Testclass.java:35)
at POM_DDF_TestNG_BaseClass.Adactin_Testclass.CloseBrowser(Adactin_Testclass.java:35)
at POM_DDF_TestNG_BaseClass.Adactin_Testclass.CloseBrowser(Adactin_Testclass.java:35)
at POM_DDF_TestNG_BaseClass.Adactin_Testclass.CloseBrowser(Adactin_Testclass.java:35)
at POM_DDF_TestNG_BaseClass.Adactin_Testclass.CloseBrowser(Adactin_Testclass.java:35)
at POM_DDF_TestNG_BaseClass.Adactin_Testclass.CloseBrowser(Adactin_Testclass.java:35)
at POM_DDF_TestNG_BaseClass.Adactin_Testclass.CloseBrowser(Adactin_Testclass.java:35)
at POM_DDF_TestNG_BaseClass.Adactin_Testclass.CloseBrowser(Adactin_Testclass.java:35)
at POM_DDF_TestNG_BaseClass.Adactin_Testclass.CloseBrowser(Adactin_Testclass.java:35)
at POM_DDF_TestNG_BaseClass.Adactin_Testclass.CloseBrowser(Adactin_Testclass.java:35)
at POM_DDF_TestNG_BaseClass.Adactin_Testclass.CloseBrowser(Adactin_Testclass.java:35)
at POM_DDF_TestNG_BaseClass.Adactin_Testclass.CloseBrowser(Adactin_Testclass.java:35)
at POM_DDF_TestNG_BaseClass.Adactin_Testclass.CloseBrowser(Adactin_Testclass.java:35)
at POM_DDF_TestNG_BaseClass.Adactin_Testclass.CloseBrowser(Adactin_Testclass.java:35)
at POM_DDF_TestNG_BaseClass.Adactin_Testclass.CloseBrowser(Adactin_Testclass.java:35)
at POM_DDF_TestNG_BaseClass.Adactin_Testclass.CloseBrowser(Adactin_Testclass.java:35)
at POM_DDF_TestNG_BaseClass.Adactin_Testclass.CloseBrowser(Adactin_Testclass.java:35)
at POM_DDF_TestNG_BaseClass.Adactin_Testclass.CloseBrowser(Adactin_Testclass.java:35)
at POM_DDF_TestNG_BaseClass.Adactin_Testclass.CloseBrowser(Adactin_Testclass.java:35)
at POM_DDF_TestNG_BaseClass.Adactin_Testclass.CloseBrowser(Adactin_Testclass.java:35)
at POM_DDF_TestNG_BaseClass.Adactin_Testclass.CloseBrowser(Adactin_Testclass.java:35)
at POM_DDF_TestNG_BaseClass.Adactin_Testclass.CloseBrowser(Adactin_Testclass.java:35)
at POM_DDF_TestNG_BaseClass.Adactin_Testclass.CloseBrowser(Adactin_Testclass.java:35)
at POM_DDF_TestNG_BaseClass.Adactin_Testclass.CloseBrowser(Adactin_Testclass.java:35)
at POM_DDF_TestNG_BaseClass.Adactin_Testclass.CloseBrowser(Adactin_Testclass.java:35)
at POM_DDF_TestNG_BaseClass.Adactin_Testclass.CloseBrowser(Adactin_Testclass.java:35)
at POM_DDF_TestNG_BaseClass.Adactin_Testclass.CloseBrowser(Adactin_Testclass.java:35)
at POM_DDF_TestNG_BaseClass.Adactin_Testclass.CloseBrowser(Adactin_Testclass.java:35)
at POM_DDF_TestNG_BaseClass.Adactin_Testclass.CloseBrowser(Adactin_Testclass.java:35)
at POM_DDF_TestNG_BaseClass.Adactin_Testclass.CloseBrowser(Adactin_Testclass.java:35)
at POM_DDF_TestNG_BaseClass.Adactin_Testclass.CloseBrowser(Adactin_Testclass.java:35)
at POM_DDF_TestNG_BaseClass.Adactin_Testclass.CloseBrowser(Adactin_Testclass.java:35)
at POM_DDF_TestNG_BaseClass.Adactin_Testclass.CloseBrowser(Adactin_Testclass.java:35)
at POM_DDF_TestNG_BaseClass.Adactin_Testclass.CloseBrowser(Adactin_Testclass.java:35)
at POM_DDF_TestNG_BaseClass.Adactin_Testclass.CloseBrowser(Adactin_Testclass.java:35)
at POM_DDF_TestNG_BaseClass.Adactin_Testclass.CloseBrowser(Adactin_Testclass.java:35)
at POM_DDF_TestNG_BaseClass.Adactin_Testclass.CloseBrowser(Adactin_Testclass.java:35)
at POM_DDF_TestNG_BaseClass.Adactin_Testclass.CloseBrowser(Adactin_Testclass.java:35)
at POM_DDF_TestNG_BaseClass.Adactin_Testclass.CloseBrowser(Adactin_Testclass.java:35)
at POM_DDF_TestNG_BaseClass.Adactin_Testclass.CloseBrowser(Adactin_Testclass.java:35)
at POM_DDF_TestNG_BaseClass.Adactin_Testclass.CloseBrowser(Adactin_Testclass.java:35)
at POM_DDF_TestNG_BaseClass.Adactin_Testclass.CloseBrowser(Adactin_Testclass.java:35)
at POM_DDF_TestNG_BaseClass.Adactin_Testclass.CloseBrowser(Adactin_Testclass.java:35)
at POM_DDF_TestNG_BaseClass.Adactin_Testclass.CloseBrowser(Adactin_Testclass.java:35)
at POM_DDF_TestNG_BaseClass.Adactin_Testclass.CloseBrowser(Adactin_Testclass.java:35)
at POM_DDF_TestNG_BaseClass.Adactin_Testclass.CloseBrowser(Adactin_Testclass.java:35)
at POM_DDF_TestNG_BaseClass.Adactin_Testclass.CloseBrowser(Adactin_Testclass.java:35)
at POM_DDF_TestNG_BaseClass.Adactin_Testclass.CloseBrowser(Adactin_Testclass.java:35)
at POM_DDF_TestNG_BaseClass.Adactin_Testclass.CloseBrowser(Adactin_Testclass.java:35)
at POM_DDF_TestNG_BaseClass.Adactin_Testclass.CloseBrowser(Adactin_Testclass.java:35)
at POM_DDF_TestNG_BaseClass.Adactin_Testclass.CloseBrowser(Adactin_Testclass.java:35)
at POM_DDF_TestNG_BaseClass.Adactin_Testclass.CloseBrowser(Adactin_Testclass.java:35)
at POM_DDF_TestNG_BaseClass.Adactin_Testclass.CloseBrowser(Adactin_Testclass.java:35)
at POM_DDF_TestNG_BaseClass.Adactin_Testclass.CloseBrowser(Adactin_Testclass.java:35)
at POM_DDF_TestNG_BaseClass.Adactin_Testclass.CloseBrowser(Adactin_Testclass.java:35)
at POM_DDF_TestNG_BaseClass.Adactin_Testclass.CloseBrowser(Adactin_Testclass.java:35)
at POM_DDF_TestNG_BaseClass.Adactin_Testclass.CloseBrowser(Adactin_Testclass.java:35)
at POM_DDF_TestNG_BaseClass.Adactin_Testclass.CloseBrowser(Adactin_Testclass.java:35)
at POM_DDF_TestNG_BaseClass.Adactin_Testclass.CloseBrowser(Adactin_Testclass.java:35)
at POM_DDF_TestNG_BaseClass.Adactin_Testclass.CloseBrowser(Adactin_Testclass.java:35)
at POM_DDF_TestNG_BaseClass.Adactin_Testclass.CloseBrowser(Adactin_Testclass.java:35)
at POM_DDF_TestNG_BaseClass.Adactin_Testclass.CloseBrowser(Adactin_Testclass.java:35)
at POM_DDF_TestNG_BaseClass.Adactin_Testclass.CloseBrowser(Adactin_Testclass.java:35)
at POM_DDF_TestNG_BaseClass.Adactin_Testclass.CloseBrowser(Adactin_Testclass.java:35)
at POM_DDF_TestNG_BaseClass.Adactin_Testclass.CloseBrowser(Adactin_Testclass.java:35)
at POM_DDF_TestNG_BaseClass.Adactin_Testclass.CloseBrowser(Adactin_Testclass.java:35)
at POM_DDF_TestNG_BaseClass.Adactin_Testclass.CloseBrowser(Adactin_Testclass.java:35)
at POM_DDF_TestNG_BaseClass.Adactin_Testclass.CloseBrowser(Adactin_Testclass.java:35)
at POM_DDF_TestNG_BaseClass.Adactin_Testclass.CloseBrowser(Adactin_Testclass.java:35)
at POM_DDF_TestNG_BaseClass.Adactin_Testclass.CloseBrowser(Adactin_Testclass.java:35)
at POM_DDF_TestNG_BaseClass.Adactin_Testclass.CloseBrowser(Adactin_Testclass.java:35)
at POM_DDF_TestNG_BaseClass.Adactin_Testclass.CloseBrowser(Adactin_Testclass.java:35)
at POM_DDF_TestNG_BaseClass.Adactin_Testclass.CloseBrowser(Adactin_Testclass.java:35)
at POM_DDF_TestNG_BaseClass.Adactin_Testclass.CloseBrowser(Adactin_Testclass.java:35)
at POM_DDF_TestNG_BaseClass.Adactin_Testclass.CloseBrowser(Adactin_Testclass.java:35)
at POM_DDF_TestNG_BaseClass.Adactin_Testclass.CloseBrowser(Adactin_Testclass.java:35)
at POM_DDF_TestNG_BaseClass.Adactin_Testclass.CloseBrowser(Adactin_Testclass.java:35)
at POM_DDF_TestNG_BaseClass.Adactin_Testclass.CloseBrowser(Adactin_Testclass.java:35)
at POM_DDF_TestNG_BaseClass.Adactin_Testclass.CloseBrowser(Adactin_Testclass.java:35)
at POM_DDF_TestNG_BaseClass.Adactin_Testclass.CloseBrowser(Adactin_Testclass.java:35)
at POM_DDF_TestNG_BaseClass.Adactin_Testclass.CloseBrowser(Adactin_Testclass.java:35)
at POM_DDF_TestNG_BaseClass.Adactin_Testclass.CloseBrowser(Adactin_Testclass.java:35)
at POM_DDF_TestNG_BaseClass.Adactin_Testclass.CloseBrowser(Adactin_Testclass.java:35)
at POM_DDF_TestNG_BaseClass.Adactin_Testclass.CloseBrowser(Adactin_Testclass.java:35)
at POM_DDF_TestNG_BaseClass.Adactin_Testclass.CloseBrowser(Adactin_Testclass.java:35)
at POM_DDF_TestNG_BaseClass.Adactin_Testclass.CloseBrowser(Adactin_Testclass.java:35)
at POM_DDF_TestNG_BaseClass.Adactin_Testclass.CloseBrowser(Adactin_Testclass.java:35)
at POM_DDF_TestNG_BaseClass.Adactin_Testclass.CloseBrowser(Adactin_Testclass.java:35)
at POM_DDF_TestNG_BaseClass.Adactin_Testclass.CloseBrowser(Adactin_Testclass.java:35)
at POM_DDF_TestNG_BaseClass.Adactin_Testclass.CloseBrowser(Adactin_Testclass.java:35)
at POM_DDF_TestNG_BaseClass.Adactin_Testclass.CloseBrowser(Adactin_Testclass.java:35)
at POM_DDF_TestNG_BaseClass.Adactin_Testclass.CloseBrowser(Adactin_Testclass.java:35)
at POM_DDF_TestNG_BaseClass.Adactin_Testclass.CloseBrowser(Adactin_Testclass.java:35)
at POM_DDF_TestNG_BaseClass.Adactin_Testclass.CloseBrowser(Adactin_Testclass.java:35)
at POM_DDF_TestNG_BaseClass.Adactin_Testclass.CloseBrowser(Adactin_Testclass.java:35)
at POM_DDF_TestNG_BaseClass.Adactin_Testclass.CloseBrowser(Adactin_Testclass.java:35)
at POM_DDF_TestNG_BaseClass.Adactin_Testclass.CloseBrowser(Adactin_Testclass.java:35)
at POM_DDF_TestNG_BaseClass.Adactin_Testclass.CloseBrowser(Adactin_Testclass.java:35)
at POM_DDF_TestNG_BaseClass.Adactin_Testclass.CloseBrowser(Adactin_Testclass.java:35)
at POM_DDF_TestNG_BaseClass.Adactin_Testclass.CloseBrowser(Adactin_Testclass.java:35)
at POM_DDF_TestNG_BaseClass.Adactin_Testclass.CloseBrowser(Adactin_Testclass.java:35)
at POM_DDF_TestNG_BaseClass.Adactin_Testclass.CloseBrowser(Adactin_Testclass.java:35)
at POM_DDF_TestNG_BaseClass.Adactin_Testclass.CloseBrowser(Adactin_Testclass.java:35)
at POM_DDF_TestNG_BaseClass.Adactin_Testclass.CloseBrowser(Adactin_Testclass.java:35)
at POM_DDF_TestNG_BaseClass.Adactin_Testclass.CloseBrowser(Adactin_Testclass.java:35)
at POM_DDF_TestNG_BaseClass.Adactin_Testclass.CloseBrowser(Adactin_Testclass.java:35)
at POM_DDF_TestNG_BaseClass.Adactin_Testclass.CloseBrowser(Adactin_Testclass.java:35)
at POM_DDF_TestNG_BaseClass.Adactin_Testclass.CloseBrowser(Adactin_Testclass.java:35)
at POM_DDF_TestNG_BaseClass.Adactin_Testclass.CloseBrowser(Adactin_Testclass.java:35)
at POM_DDF_TestNG_BaseClass.Adactin_Testclass.CloseBrowser(Adactin_Testclass.java:35)
at POM_DDF_TestNG_BaseClass.Adactin_Testclass.CloseBrowser(Adactin_Testclass.java:35)
at POM_DDF_TestNG_BaseClass.Adactin_Testclass.CloseBrowser(Adactin_Testclass.java:35)
at POM_DDF_TestNG_BaseClass.Adactin_Testclass.CloseBrowser(Adactin_Testclass.java:35)
at POM_DDF_TestNG_BaseClass.Adactin_Testclass.CloseBrowser(Adactin_Testclass.java:35)
at POM_DDF_TestNG_BaseClass.Adactin_Testclass.CloseBrowser(Adactin_Testclass.java:35)
at POM_DDF_TestNG_BaseClass.Adactin_Testclass.CloseBrowser(Adactin_Testclass.java:35)
at POM_DDF_TestNG_BaseClass.Adactin_Testclass.CloseBrowser(Adactin_Testclass.java:35)
at POM_DDF_TestNG_BaseClass.Adactin_Testclass.CloseBrowser(Adactin_Testclass.java:35)
at POM_DDF_TestNG_BaseClass.Adactin_Testclass.CloseBrowser(Adactin_Testclass.java:35)
at POM_DDF_TestNG_BaseClass.Adactin_Testclass.CloseBrowser(Adactin_Testclass.java:35)
at POM_DDF_TestNG_BaseClass.Adactin_Testclass.CloseBrowser(Adactin_Testclass.java:35)
at POM_DDF_TestNG_BaseClass.Adactin_Testclass.CloseBrowser(Adactin_Testclass.java:35)
at POM_DDF_TestNG_BaseClass.Adactin_Testclass.CloseBrowser(Adactin_Testclass.java:35)
at POM_DDF_TestNG_BaseClass.Adactin_Testclass.CloseBrowser(Adactin_Testclass.java:35)
at POM_DDF_TestNG_BaseClass.Adactin_Testclass.CloseBrowser(Adactin_Testclass.java:35)
at POM_DDF_TestNG_BaseClass.Adactin_Testclass.CloseBrowser(Adactin_Testclass.java:35)
at POM_DDF_TestNG_BaseClass.Adactin_Testclass.CloseBrowser(Adactin_Testclass.java:35)
at POM_DDF_TestNG_BaseClass.Adactin_Testclass.CloseBrowser(Adactin_Testclass.java:35)
at POM_DDF_TestNG_BaseClass.Adactin_Testclass.CloseBrowser(Adactin_Testclass.java:35)
at POM_DDF_TestNG_BaseClass.Adactin_Testclass.CloseBrowser(Adactin_Testclass.java:35)
at POM_DDF_TestNG_BaseClass.Adactin_Testclass.CloseBrowser(Adactin_Testclass.java:35)
at POM_DDF_TestNG_BaseClass.Adactin_Testclass.CloseBrowser(Adactin_Testclass.java:35)
at POM_DDF_TestNG_BaseClass.Adactin_Testclass.CloseBrowser(Adactin_Testclass.java:35)
at POM_DDF_TestNG_BaseClass.Adactin_Testclass.CloseBrowser(Adactin_Testclass.java:35)
at POM_DDF_TestNG_BaseClass.Adactin_Testclass.CloseBrowser(Adactin_Testclass.java:35)
at POM_DDF_TestNG_BaseClass.Adactin_Testclass.CloseBrowser(Adactin_Testclass.java:35)
at POM_DDF_TestNG_BaseClass.Adactin_Testclass.CloseBrowser(Adactin_Testclass.java:35)
at POM_DDF_TestNG_BaseClass.Adactin_Testclass.CloseBrowser(Adactin_Testclass.java:35)
at POM_DDF_TestNG_BaseClass.Adactin_Testclass.CloseBrowser(Adactin_Testclass.java:35)
at POM_DDF_TestNG_BaseClass.Adactin_Testclass.CloseBrowser(Adactin_Testclass.java:35)
at POM_DDF_TestNG_BaseClass.Adactin_Testclass.CloseBrowser(Adactin_Testclass.java:35)
at POM_DDF_TestNG_BaseClass.Adactin_Testclass.CloseBrowser(Adactin_Testclass.java:35)
at POM_DDF_TestNG_BaseClass.Adactin_Testclass.CloseBrowser(Adactin_Testclass.java:35)
at POM_DDF_TestNG_BaseClass.Adactin_Testclass.CloseBrowser(Adactin_Testclass.java:35)
at POM_DDF_TestNG_BaseClass.Adactin_Testclass.CloseBrowser(Adactin_Testclass.java:35)
at POM_DDF_TestNG_BaseClass.Adactin_Testclass.CloseBrowser(Adactin_Testclass.java:35)
at POM_DDF_TestNG_BaseClass.Adactin_Testclass.CloseBrowser(Adactin_Testclass.java:35)
at POM_DDF_TestNG_BaseClass.Adactin_Testclass.CloseBrowser(Adactin_Testclass.java:35)
at POM_DDF_TestNG_BaseClass.Adactin_Testclass.CloseBrowser(Adactin_Testclass.java:35)
at POM_DDF_TestNG_BaseClass.Adactin_Testclass.CloseBrowser(Adactin_Testclass.java:35)
at POM_DDF_TestNG_BaseClass.Adactin_Testclass.CloseBrowser(Adactin_Testclass.java:35)
at POM_DDF_TestNG_BaseClass.Adactin_Testclass.CloseBrowser(Adactin_Testclass.java:35)
at POM_DDF_TestNG_BaseClass.Adactin_Testclass.CloseBrowser(Adactin_Testclass.java:35)
at POM_DDF_TestNG_BaseClass.Adactin_Testclass.CloseBrowser(Adactin_Testclass.java:35)
at POM_DDF_TestNG_BaseClass.Adactin_Testclass.CloseBrowser(Adactin_Testclass.java:35)
at POM_DDF_TestNG_BaseClass.Adactin_Testclass.CloseBrowser(Adactin_Testclass.java:35)
at POM_DDF_TestNG_BaseClass.Adactin_Testclass.CloseBrowser(Adactin_Testclass.java:35)
at POM_DDF_TestNG_BaseClass.Adactin_Testclass.CloseBrowser(Adactin_Testclass.java:35)
at POM_DDF_TestNG_BaseClass.Adactin_Testclass.CloseBrowser(Adactin_Testclass.java:35)
at POM_DDF_TestNG_BaseClass.Adactin_Testclass.CloseBrowser(Adactin_Testclass.java:35)
at POM_DDF_TestNG_BaseClass.Adactin_Testclass.CloseBrowser(Adactin_Testclass.java:35)
at POM_DDF_TestNG_BaseClass.Adactin_Testclass.CloseBrowser(Adactin_Testclass.java:35)
at POM_DDF_TestNG_BaseClass.Adactin_Testclass.CloseBrowser(Adactin_Testclass.java:35)
at POM_DDF_TestNG_BaseClass.Adactin_Testclass.CloseBrowser(Adactin_Testclass.java:35)
at POM_DDF_TestNG_BaseClass.Adactin_Testclass.CloseBrowser(Adactin_Testclass.java:35)
at POM_DDF_TestNG_BaseClass.Adactin_Testclass.CloseBrowser(Adactin_Testclass.java:35)
at POM_DDF_TestNG_BaseClass.Adactin_Testclass.CloseBrowser(Adactin_Testclass.java:35)
at POM_DDF_TestNG_BaseClass.Adactin_Testclass.CloseBrowser(Adactin_Testclass.java:35)
at POM_DDF_TestNG_BaseClass.Adactin_Testclass.CloseBrowser(Adactin_Testclass.java:35)
at POM_DDF_TestNG_BaseClass.Adactin_Testclass.CloseBrowser(Adactin_Testclass.java:35)
at POM_DDF_TestNG_BaseClass.Adactin_Testclass.CloseBrowser(Adactin_Testclass.java:35)
at POM_DDF_TestNG_BaseClass.Adactin_Testclass.CloseBrowser(Adactin_Testclass.java:35)
at POM_DDF_TestNG_BaseClass.Adactin_Testclass.CloseBrowser(Adactin_Testclass.java:35)
at POM_DDF_TestNG_BaseClass.Adactin_Testclass.CloseBrowser(Adactin_Testclass.java:35)
at POM_DDF_TestNG_BaseClass.Adactin_Testclass.CloseBrowser(Adactin_Testclass.java:35)
at POM_DDF_TestNG_BaseClass.Adactin_Testclass.CloseBrowser(Adactin_Testclass.java:35)
at POM_DDF_TestNG_BaseClass.Adactin_Testclass.CloseBrowser(Adactin_Testclass.java:35)
at POM_DDF_TestNG_BaseClass.Adactin_Testclass.CloseBrowser(Adactin_Testclass.java:35)
at POM_DDF_TestNG_BaseClass.Adactin_Testclass.CloseBrowser(Adactin_Testclass.java:35)
at POM_DDF_TestNG_BaseClass.Adactin_Testclass.CloseBrowser(Adactin_Testclass.java:35)
at POM_DDF_TestNG_BaseClass.Adactin_Testclass.CloseBrowser(Adactin_Testclass.java:35)
at POM_DDF_TestNG_BaseClass.Adactin_Testclass.CloseBrowser(Adactin_Testclass.java:35)
at POM_DDF_TestNG_BaseClass.Adactin_Testclass.CloseBrowser(Adactin_Testclass.java:35)
at POM_DDF_TestNG_BaseClass.Adactin_Testclass.CloseBrowser(Adactin_Testclass.java:35)
at POM_DDF_TestNG_BaseClass.Adactin_Testclass.CloseBrowser(Adactin_Testclass.java:35)
at POM_DDF_TestNG_BaseClass.Adactin_Testclass.CloseBrowser(Adactin_Testclass.java:35)
at POM_DDF_TestNG_BaseClass.Adactin_Testclass.CloseBrowser(Adactin_Testclass.java:35)
at POM_DDF_TestNG_BaseClass.Adactin_Testclass.CloseBrowser(Adactin_Testclass.java:35)
at POM_DDF_TestNG_BaseClass.Adactin_Testclass.CloseBrowser(Adactin_Testclass.java:35)
at POM_DDF_TestNG_BaseClass.Adactin_Testclass.CloseBrowser(Adactin_Testclass.java:35)
at POM_DDF_TestNG_BaseClass.Adactin_Testclass.CloseBrowser(Adactin_Testclass.java:35)
at POM_DDF_TestNG_BaseClass.Adactin_Testclass.CloseBrowser(Adactin_Testclass.java:35)
at POM_DDF_TestNG_BaseClass.Adactin_Testclass.CloseBrowser(Adactin_Testclass.java:35)
at POM_DDF_TestNG_BaseClass.Adactin_Testclass.CloseBrowser(Adactin_Testclass.java:35)
at POM_DDF_TestNG_BaseClass.Adactin_Testclass.CloseBrowser(Adactin_Testclass.java:35)
at POM_DDF_TestNG_BaseClass.Adactin_Testclass.CloseBrowser(Adactin_Testclass.java:35)
at POM_DDF_TestNG_BaseClass.Adactin_Testclass.CloseBrowser(Adactin_Testclass.java:35)
at POM_DDF_TestNG_BaseClass.Adactin_Testclass.CloseBrowser(Adactin_Testclass.java:35)
at POM_DDF_TestNG_BaseClass.Adactin_Testclass.CloseBrowser(Adactin_Testclass.java:35)
at POM_DDF_TestNG_BaseClass.Adactin_Testclass.CloseBrowser(Adactin_Testclass.java:35)
at POM_DDF_TestNG_BaseClass.Adactin_Testclass.CloseBrowser(Adactin_Testclass.java:35)
at POM_DDF_TestNG_BaseClass.Adactin_Testclass.CloseBrowser(Adactin_Testclass.java:35)
at POM_DDF_TestNG_BaseClass.Adactin_Testclass.CloseBrowser(Adactin_Testclass.java:35)
at POM_DDF_TestNG_BaseClass.Adactin_Testclass.CloseBrowser(Adactin_Testclass.java:35)
at POM_DDF_TestNG_BaseClass.Adactin_Testclass.CloseBrowser(Adactin_Testclass.java:35)
at POM_DDF_TestNG_BaseClass.Adactin_Testclass.CloseBrowser(Adactin_Testclass.java:35)
at POM_DDF_TestNG_BaseClass.Adactin_Testclass.CloseBrowser(Adactin_Testclass.java:35)
at POM_DDF_TestNG_BaseClass.Adactin_Testclass.CloseBrowser(Adactin_Testclass.java:35)
at POM_DDF_TestNG_BaseClass.Adactin_Testclass.CloseBrowser(Adactin_Testclass.java:35)
at POM_DDF_TestNG_BaseClass.Adactin_Testclass.CloseBrowser(Adactin_Testclass.java:35)
at POM_DDF_TestNG_BaseClass.Adactin_Testclass.CloseBrowser(Adactin_Testclass.java:35)
at POM_DDF_TestNG_BaseClass.Adactin_Testclass.CloseBrowser(Adactin_Testclass.java:35)
at POM_DDF_TestNG_BaseClass.Adactin_Testclass.CloseBrowser(Adactin_Testclass.java:35)
at POM_DDF_TestNG_BaseClass.Adactin_Testclass.CloseBrowser(Adactin_Testclass.java:35)
at POM_DDF_TestNG_BaseClass.Adactin_Testclass.CloseBrowser(Adactin_Testclass.java:35)
at POM_DDF_TestNG_BaseClass.Adactin_Testclass.CloseBrowser(Adactin_Testclass.java:35)
at POM_DDF_TestNG_BaseClass.Adactin_Testclass.CloseBrowser(Adactin_Testclass.java:35)
at POM_DDF_TestNG_BaseClass.Adactin_Testclass.CloseBrowser(Adactin_Testclass.java:35)
at POM_DDF_TestNG_BaseClass.Adactin_Testclass.CloseBrowser(Adactin_Testclass.java:35)
at POM_DDF_TestNG_BaseClass.Adactin_Testclass.CloseBrowser(Adactin_Testclass.java:35)
at POM_DDF_TestNG_BaseClass.Adactin_Testclass.CloseBrowser(Adactin_Testclass.java:35)
at POM_DDF_TestNG_BaseClass.Adactin_Testclass.CloseBrowser(Adactin_Testclass.java:35)
at POM_DDF_TestNG_BaseClass.Adactin_Testclass.CloseBrowser(Adactin_Testclass.java:35)
at POM_DDF_TestNG_BaseClass.Adactin_Testclass.CloseBrowser(Adactin_Testclass.java:35)
at POM_DDF_TestNG_BaseClass.Adactin_Testclass.CloseBrowser(Adactin_Testclass.java:35)
at POM_DDF_TestNG_BaseClass.Adactin_Testclass.CloseBrowser(Adactin_Testclass.java:35)
at POM_DDF_TestNG_BaseClass.Adactin_Testclass.CloseBrowser(Adactin_Testclass.java:35)
at POM_DDF_TestNG_BaseClass.Adactin_Testclass.CloseBrowser(Adactin_Testclass.java:35)
at POM_DDF_TestNG_BaseClass.Adactin_Testclass.CloseBrowser(Adactin_Testclass.java:35)
at POM_DDF_TestNG_BaseClass.Adactin_Testclass.CloseBrowser(Adactin_Testclass.java:35)
at POM_DDF_TestNG_BaseClass.Adactin_Testclass.CloseBrowser(Adactin_Testclass.java:35)
at POM_DDF_TestNG_BaseClass.Adactin_Testclass.CloseBrowser(Adactin_Testclass.java:35)
at POM_DDF_TestNG_BaseClass.Adactin_Testclass.CloseBrowser(Adactin_Testclass.java:35)
at POM_DDF_TestNG_BaseClass.Adactin_Testclass.CloseBrowser(Adactin_Testclass.java:35)
at POM_DDF_TestNG_BaseClass.Adactin_Testclass.CloseBrowser(Adactin_Testclass.java:35)
at POM_DDF_TestNG_BaseClass.Adactin_Testclass.CloseBrowser(Adactin_Testclass.java:35)
at POM_DDF_TestNG_BaseClass.Adactin_Testclass.CloseBrowser(Adactin_Testclass.java:35)
at POM_DDF_TestNG_BaseClass.Adactin_Testclass.CloseBrowser(Adactin_Testclass.java:35)
at POM_DDF_TestNG_BaseClass.Adactin_Testclass.CloseBrowser(Adactin_Testclass.java:35)
at POM_DDF_TestNG_BaseClass.Adactin_Testclass.CloseBrowser(Adactin_Testclass.java:35)
at POM_DDF_TestNG_BaseClass.Adactin_Testclass.CloseBrowser(Adactin_Testclass.java:35)
at POM_DDF_TestNG_BaseClass.Adactin_Testclass.CloseBrowser(Adactin_Testclass.java:35)
at POM_DDF_TestNG_BaseClass.Adactin_Testclass.CloseBrowser(Adactin_Testclass.java:35)
at POM_DDF_TestNG_BaseClass.Adactin_Testclass.CloseBrowser(Adactin_Testclass.java:35)
at POM_DDF_TestNG_BaseClass.Adactin_Testclass.CloseBrowser(Adactin_Testclass.java:35)
at POM_DDF_TestNG_BaseClass.Adactin_Testclass.CloseBrowser(Adactin_Testclass.java:35)
at POM_DDF_TestNG_BaseClass.Adactin_Testclass.CloseBrowser(Adactin_Testclass.java:35)
at POM_DDF_TestNG_BaseClass.Adactin_Testclass.CloseBrowser(Adactin_Testclass.java:35)
at POM_DDF_TestNG_BaseClass.Adactin_Testclass.CloseBrowser(Adactin_Testclass.java:35)
at POM_DDF_TestNG_BaseClass.Adactin_Testclass.CloseBrowser(Adactin_Testclass.java:35)
at POM_DDF_TestNG_BaseClass.Adactin_Testclass.CloseBrowser(Adactin_Testclass.java:35)
at POM_DDF_TestNG_BaseClass.Adactin_Testclass.CloseBrowser(Adactin_Testclass.java:35)
at POM_DDF_TestNG_BaseClass.Adactin_Testclass.CloseBrowser(Adactin_Testclass.java:35)
at POM_DDF_TestNG_BaseClass.Adactin_Testclass.CloseBrowser(Adactin_Testclass.java:35)
at POM_DDF_TestNG_BaseClass.Adactin_Testclass.CloseBrowser(Adactin_Testclass.java:35)
at POM_DDF_TestNG_BaseClass.Adactin_Testclass.CloseBrowser(Adactin_Testclass.java:35)
at POM_DDF_TestNG_BaseClass.Adactin_Testclass.CloseBrowser(Adactin_Testclass.java:35)
at POM_DDF_TestNG_BaseClass.Adactin_Testclass.CloseBrowser(Adactin_Testclass.java:35)
at POM_DDF_TestNG_BaseClass.Adactin_Testclass.CloseBrowser(Adactin_Testclass.java:35)
at POM_DDF_TestNG_BaseClass.Adactin_Testclass.CloseBrowser(Adactin_Testclass.java:35)
at POM_DDF_TestNG_BaseClass.Adactin_Testclass.CloseBrowser(Adactin_Testclass.java:35)
at POM_DDF_TestNG_BaseClass.Adactin_Testclass.CloseBrowser(Adactin_Testclass.java:35)
at POM_DDF_TestNG_BaseClass.Adactin_Testclass.CloseBrowser(Adactin_Testclass.java:35)
at POM_DDF_TestNG_BaseClass.Adactin_Testclass.CloseBrowser(Adactin_Testclass.java:35)
at POM_DDF_TestNG_BaseClass.Adactin_Testclass.CloseBrowser(Adactin_Testclass.java:35)
at POM_DDF_TestNG_BaseClass.Adactin_Testclass.CloseBrowser(Adactin_Testclass.java:35)
at POM_DDF_TestNG_BaseClass.Adactin_Testclass.CloseBrowser(Adactin_Testclass.java:35)
at POM_DDF_TestNG_BaseClass.Adactin_Testclass.CloseBrowser(Adactin_Testclass.java:35)
at POM_DDF_TestNG_BaseClass.Adactin_Testclass.CloseBrowser(Adactin_Testclass.java:35)
at POM_DDF_TestNG_BaseClass.Adactin_Testclass.CloseBrowser(Adactin_Testclass.java:35)
at POM_DDF_TestNG_BaseClass.Adactin_Testclass.CloseBrowser(Adactin_Testclass.java:35)
at POM_DDF_TestNG_BaseClass.Adactin_Testclass.CloseBrowser(Adactin_Testclass.java:35)
at POM_DDF_TestNG_BaseClass.Adactin_Testclass.CloseBrowser(Adactin_Testclass.java:35)
at POM_DDF_TestNG_BaseClass.Adactin_Testclass.CloseBrowser(Adactin_Testclass.java:35)
at POM_DDF_TestNG_BaseClass.Adactin_Testclass.CloseBrowser(Adactin_Testclass.java:35)
at POM_DDF_TestNG_BaseClass.Adactin_Testclass.CloseBrowser(Adactin_Testclass.java:35)
at POM_DDF_TestNG_BaseClass.Adactin_Testclass.CloseBrowser(Adactin_Testclass.java:35)
at POM_DDF_TestNG_BaseClass.Adactin_Testclass.CloseBrowser(Adactin_Testclass.java:35)
at POM_DDF_TestNG_BaseClass.Adactin_Testclass.CloseBrowser(Adactin_Testclass.java:35)
at POM_DDF_TestNG_BaseClass.Adactin_Testclass.CloseBrowser(Adactin_Testclass.java:35)
at POM_DDF_TestNG_BaseClass.Adactin_Testclass.CloseBrowser(Adactin_Testclass.java:35)
at POM_DDF_TestNG_BaseClass.Adactin_Testclass.CloseBrowser(Adactin_Testclass.java:35)
at POM_DDF_TestNG_BaseClass.Adactin_Testclass.CloseBrowser(Adactin_Testclass.java:35)
at POM_DDF_TestNG_BaseClass.Adactin_Testclass.CloseBrowser(Adactin_Testclass.java:35)
at POM_DDF_TestNG_BaseClass.Adactin_Testclass.CloseBrowser(Adactin_Testclass.java:35)
at POM_DDF_TestNG_BaseClass.Adactin_Testclass.CloseBrowser(Adactin_Testclass.java:35)
at POM_DDF_TestNG_BaseClass.Adactin_Testclass.CloseBrowser(Adactin_Testclass.java:35)
at POM_DDF_TestNG_BaseClass.Adactin_Testclass.CloseBrowser(Adactin_Testclass.java:35)
at POM_DDF_TestNG_BaseClass.Adactin_Testclass.CloseBrowser(Adactin_Testclass.java:35)
at POM_DDF_TestNG_BaseClass.Adactin_Testclass.CloseBrowser(Adactin_Testclass.java:35)
at POM_DDF_TestNG_BaseClass.Adactin_Testclass.CloseBrowser(Adactin_Testclass.java:35)
at POM_DDF_TestNG_BaseClass.Adactin_Testclass.CloseBrowser(Adactin_Testclass.java:35)
at POM_DDF_TestNG_BaseClass.Adactin_Testclass.CloseBrowser(Adactin_Testclass.java:35)
at POM_DDF_TestNG_BaseClass.Adactin_Testclass.CloseBrowser(Adactin_Testclass.java:35)
at POM_DDF_TestNG_BaseClass.Adactin_Testclass.CloseBrowser(Adactin_Testclass.java:35)
at POM_DDF_TestNG_BaseClass.Adactin_Testclass.CloseBrowser(Adactin_Testclass.java:35)
at POM_DDF_TestNG_BaseClass.Adactin_Testclass.CloseBrowser(Adactin_Testclass.java:35)
at POM_DDF_TestNG_BaseClass.Adactin_Testclass.CloseBrowser(Adactin_Testclass.java:35)
at POM_DDF_TestNG_BaseClass.Adactin_Testclass.CloseBrowser(Adactin_Testclass.java:35)
at POM_DDF_TestNG_BaseClass.Adactin_Testclass.CloseBrowser(Adactin_Testclass.java:35)
at POM_DDF_TestNG_BaseClass.Adactin_Testclass.CloseBrowser(Adactin_Testclass.java:35)
at POM_DDF_TestNG_BaseClass.Adactin_Testclass.CloseBrowser(Adactin_Testclass.java:35)
at POM_DDF_TestNG_BaseClass.Adactin_Testclass.CloseBrowser(Adactin_Testclass.java:35)
at POM_DDF_TestNG_BaseClass.Adactin_Testclass.CloseBrowser(Adactin_Testclass.java:35)
at POM_DDF_TestNG_BaseClass.Adactin_Testclass.CloseBrowser(Adactin_Testclass.java:35)
at POM_DDF_TestNG_BaseClass.Adactin_Testclass.CloseBrowser(Adactin_Testclass.java:35)
at POM_DDF_TestNG_BaseClass.Adactin_Testclass.CloseBrowser(Adactin_Testclass.java:35)
at POM_DDF_TestNG_BaseClass.Adactin_Testclass.CloseBrowser(Adactin_Testclass.java:35)
at POM_DDF_TestNG_BaseClass.Adactin_Testclass.CloseBrowser(Adactin_Testclass.java:35)
at POM_DDF_TestNG_BaseClass.Adactin_Testclass.CloseBrowser(Adactin_Testclass.java:35)
at POM_DDF_TestNG_BaseClass.Adactin_Testclass.CloseBrowser(Adactin_Testclass.java:35)
at POM_DDF_TestNG_BaseClass.Adactin_Testclass.CloseBrowser(Adactin_Testclass.java:35)
at POM_DDF_TestNG_BaseClass.Adactin_Testclass.CloseBrowser(Adactin_Testclass.java:35)
at POM_DDF_TestNG_BaseClass.Adactin_Testclass.CloseBrowser(Adactin_Testclass.java:35)
at POM_DDF_TestNG_BaseClass.Adactin_Testclass.CloseBrowser(Adactin_Testclass.java:35)
at POM_DDF_TestNG_BaseClass.Adactin_Testclass.CloseBrowser(Adactin_Testclass.java:35)
at POM_DDF_TestNG_BaseClass.Adactin_Testclass.CloseBrowser(Adactin_Testclass.java:35)
at POM_DDF_TestNG_BaseClass.Adactin_Testclass.CloseBrowser(Adactin_Testclass.java:35)
at POM_DDF_TestNG_BaseClass.Adactin_Testclass.CloseBrowser(Adactin_Testclass.java:35)
at POM_DDF_TestNG_BaseClass.Adactin_Testclass.CloseBrowser(Adactin_Testclass.java:35)
at POM_DDF_TestNG_BaseClass.Adactin_Testclass.CloseBrowser(Adactin_Testclass.java:35)
at POM_DDF_TestNG_BaseClass.Adactin_Testclass.CloseBrowser(Adactin_Testclass.java:35)
at POM_DDF_TestNG_BaseClass.Adactin_Testclass.CloseBrowser(Adactin_Testclass.java:35)
at POM_DDF_TestNG_BaseClass.Adactin_Testclass.CloseBrowser(Adactin_Testclass.java:35)
at POM_DDF_TestNG_BaseClass.Adactin_Testclass.CloseBrowser(Adactin_Testclass.java:35)
at POM_DDF_TestNG_BaseClass.Adactin_Testclass.CloseBrowser(Adactin_Testclass.java:35)
at POM_DDF_TestNG_BaseClass.Adactin_Testclass.CloseBrowser(Adactin_Testclass.java:35)
at POM_DDF_TestNG_BaseClass.Adactin_Testclass.CloseBrowser(Adactin_Testclass.java:35)
at POM_DDF_TestNG_BaseClass.Adactin_Testclass.CloseBrowser(Adactin_Testclass.java:35)
at POM_DDF_TestNG_BaseClass.Adactin_Testclass.CloseBrowser(Adactin_Testclass.java:35)
at POM_DDF_TestNG_BaseClass.Adactin_Testclass.CloseBrowser(Adactin_Testclass.java:35)
at POM_DDF_TestNG_BaseClass.Adactin_Testclass.CloseBrowser(Adactin_Testclass.java:35)
at POM_DDF_TestNG_BaseClass.Adactin_Testclass.CloseBrowser(Adactin_Testclass.java:35)
at POM_DDF_TestNG_BaseClass.Adactin_Testclass.CloseBrowser(Adactin_Testclass.java:35)
at POM_DDF_TestNG_BaseClass.Adactin_Testclass.CloseBrowser(Adactin_Testclass.java:35)
at POM_DDF_TestNG_BaseClass.Adactin_Testclass.CloseBrowser(Adactin_Testclass.java:35)
at POM_DDF_TestNG_BaseClass.Adactin_Testclass.CloseBrowser(Adactin_Testclass.java:35)
at POM_DDF_TestNG_BaseClass.Adactin_Testclass.CloseBrowser(Adactin_Testclass.java:35)
at POM_DDF_TestNG_BaseClass.Adactin_Testclass.CloseBrowser(Adactin_Testclass.java:35)
at POM_DDF_TestNG_BaseClass.Adactin_Testclass.CloseBrowser(Adactin_Testclass.java:35)
at POM_DDF_TestNG_BaseClass.Adactin_Testclass.CloseBrowser(Adactin_Testclass.java:35)
at POM_DDF_TestNG_BaseClass.Adactin_Testclass.CloseBrowser(Adactin_Testclass.java:35)
at POM_DDF_TestNG_BaseClass.Adactin_Testclass.CloseBrowser(Adactin_Testclass.java:35)
at POM_DDF_TestNG_BaseClass.Adactin_Testclass.CloseBrowser(Adactin_Testclass.java:35)
at POM_DDF_TestNG_BaseClass.Adactin_Testclass.CloseBrowser(Adactin_Testclass.java:35)
at POM_DDF_TestNG_BaseClass.Adactin_Testclass.CloseBrowser(Adactin_Testclass.java:35)
at POM_DDF_TestNG_BaseClass.Adactin_Testclass.CloseBrowser(Adactin_Testclass.java:35)
at POM_DDF_TestNG_BaseClass.Adactin_Testclass.CloseBrowser(Adactin_Testclass.java:35)
at POM_DDF_TestNG_BaseClass.Adactin_Testclass.CloseBrowser(Adactin_Testclass.java:35)
at POM_DDF_TestNG_BaseClass.Adactin_Testclass.CloseBrowser(Adactin_Testclass.java:35)
at POM_DDF_TestNG_BaseClass.Adactin_Testclass.CloseBrowser(Adactin_Testclass.java:35)
at POM_DDF_TestNG_BaseClass.Adactin_Testclass.CloseBrowser(Adactin_Testclass.java:35)
at POM_DDF_TestNG_BaseClass.Adactin_Testclass.CloseBrowser(Adactin_Testclass.java:35)
at POM_DDF_TestNG_BaseClass.Adactin_Testclass.CloseBrowser(Adactin_Testclass.java:35)
at POM_DDF_TestNG_BaseClass.Adactin_Testclass.CloseBrowser(Adactin_Testclass.java:35)
at POM_DDF_TestNG_BaseClass.Adactin_Testclass.CloseBrowser(Adactin_Testclass.java:35)
at POM_DDF_TestNG_BaseClass.Adactin_Testclass.CloseBrowser(Adactin_Testclass.java:35)
at POM_DDF_TestNG_BaseClass.Adactin_Testclass.CloseBrowser(Adactin_Testclass.java:35)
at POM_DDF_TestNG_BaseClass.Adactin_Testclass.CloseBrowser(Adactin_Testclass.java:35)
at POM_DDF_TestNG_BaseClass.Adactin_Testclass.CloseBrowser(Adactin_Testclass.java:35)
at POM_DDF_TestNG_BaseClass.Adactin_Testclass.CloseBrowser(Adactin_Testclass.java:35)
at POM_DDF_TestNG_BaseClass.Adactin_Testclass.CloseBrowser(Adactin_Testclass.java:35)
at POM_DDF_TestNG_BaseClass.Adactin_Testclass.CloseBrowser(Adactin_Testclass.java:35)
at POM_DDF_TestNG_BaseClass.Adactin_Testclass.CloseBrowser(Adactin_Testclass.java:35)
at POM_DDF_TestNG_BaseClass.Adactin_Testclass.CloseBrowser(Adactin_Testclass.java:35)
at POM_DDF_TestNG_BaseClass.Adactin_Testclass.CloseBrowser(Adactin_Testclass.java:35)
at POM_DDF_TestNG_BaseClass.Adactin_Testclass.CloseBrowser(Adactin_Testclass.java:35)
at POM_DDF_TestNG_BaseClass.Adactin_Testclass.CloseBrowser(Adactin_Testclass.java:35)
at POM_DDF_TestNG_BaseClass.Adactin_Testclass.CloseBrowser(Adactin_Testclass.java:35)
at POM_DDF_TestNG_BaseClass.Adactin_Testclass.CloseBrowser(Adactin_Testclass.java:35)
at POM_DDF_TestNG_BaseClass.Adactin_Testclass.CloseBrowser(Adactin_Testclass.java:35)
at POM_DDF_TestNG_BaseClass.Adactin_Testclass.CloseBrowser(Adactin_Testclass.java:35)
at POM_DDF_TestNG_BaseClass.Adactin_Testclass.CloseBrowser(Adactin_Testclass.java:35)
at POM_DDF_TestNG_BaseClass.Adactin_Testclass.CloseBrowser(Adactin_Testclass.java:35)
at POM_DDF_TestNG_BaseClass.Adactin_Testclass.CloseBrowser(Adactin_Testclass.java:35)
at POM_DDF_TestNG_BaseClass.Adactin_Testclass.CloseBrowser(Adactin_Testclass.java:35)
at POM_DDF_TestNG_BaseClass.Adactin_Testclass.CloseBrowser(Adactin_Testclass.java:35)
at POM_DDF_TestNG_BaseClass.Adactin_Testclass.CloseBrowser(Adactin_Testclass.java:35)
at POM_DDF_TestNG_BaseClass.Adactin_Testclass.CloseBrowser(Adactin_Testclass.java:35)
at POM_DDF_TestNG_BaseClass.Adactin_Testclass.CloseBrowser(Adactin_Testclass.java:35)
at POM_DDF_TestNG_BaseClass.Adactin_Testclass.CloseBrowser(Adactin_Testclass.java:35)
at POM_DDF_TestNG_BaseClass.Adactin_Testclass.CloseBrowser(Adactin_Testclass.java:35)
at POM_DDF_TestNG_BaseClass.Adactin_Testclass.CloseBrowser(Adactin_Testclass.java:35)
at POM_DDF_TestNG_BaseClass.Adactin_Testclass.CloseBrowser(Adactin_Testclass.java:35)
at POM_DDF_TestNG_BaseClass.Adactin_Testclass.CloseBrowser(Adactin_Testclass.java:35)
at POM_DDF_TestNG_BaseClass.Adactin_Testclass.CloseBrowser(Adactin_Testclass.java:35)
at POM_DDF_TestNG_BaseClass.Adactin_Testclass.CloseBrowser(Adactin_Testclass.java:35)
at POM_DDF_TestNG_BaseClass.Adactin_Testclass.CloseBrowser(Adactin_Testclass.java:35)
at POM_DDF_TestNG_BaseClass.Adactin_Testclass.CloseBrowser(Adactin_Testclass.java:35)
at POM_DDF_TestNG_BaseClass.Adactin_Testclass.CloseBrowser(Adactin_Testclass.java:35)
at POM_DDF_TestNG_BaseClass.Adactin_Testclass.CloseBrowser(Adactin_Testclass.java:35)
at POM_DDF_TestNG_BaseClass.Adactin_Testclass.CloseBrowser(Adactin_Testclass.java:35)
at POM_DDF_TestNG_BaseClass.Adactin_Testclass.CloseBrowser(Adactin_Testclass.java:35)
at POM_DDF_TestNG_BaseClass.Adactin_Testclass.CloseBrowser(Adactin_Testclass.java:35)
at POM_DDF_TestNG_BaseClass.Adactin_Testclass.CloseBrowser(Adactin_Testclass.java:35)
at POM_DDF_TestNG_BaseClass.Adactin_Testclass.CloseBrowser(Adactin_Testclass.java:35)
at POM_DDF_TestNG_BaseClass.Adactin_Testclass.CloseBrowser(Adactin_Testclass.java:35)
at POM_DDF_TestNG_BaseClass.Adactin_Testclass.CloseBrowser(Adactin_Testclass.java:35)
at POM_DDF_TestNG_BaseClass.Adactin_Testclass.CloseBrowser(Adactin_Testclass.java:35)
at POM_DDF_TestNG_BaseClass.Adactin_Testclass.CloseBrowser(Adactin_Testclass.java:35)
at POM_DDF_TestNG_BaseClass.Adactin_Testclass.CloseBrowser(Adactin_Testclass.java:35)
at POM_DDF_TestNG_BaseClass.Adactin_Testclass.CloseBrowser(Adactin_Testclass.java:35)
at POM_DDF_TestNG_BaseClass.Adactin_Testclass.CloseBrowser(Adactin_Testclass.java:35)
at POM_DDF_TestNG_BaseClass.Adactin_Testclass.CloseBrowser(Adactin_Testclass.java:35)
at POM_DDF_TestNG_BaseClass.Adactin_Testclass.CloseBrowser(Adactin_Testclass.java:35)
at POM_DDF_TestNG_BaseClass.Adactin_Testclass.CloseBrowser(Adactin_Testclass.java:35)
at POM_DDF_TestNG_BaseClass.Adactin_Testclass.CloseBrowser(Adactin_Testclass.java:35)
at POM_DDF_TestNG_BaseClass.Adactin_Testclass.CloseBrowser(Adactin_Testclass.java:35)
at POM_DDF_TestNG_BaseClass.Adactin_Testclass.CloseBrowser(Adactin_Testclass.java:35)
at POM_DDF_TestNG_BaseClass.Adactin_Testclass.CloseBrowser(Adactin_Testclass.java:35)
at POM_DDF_TestNG_BaseClass.Adactin_Testclass.CloseBrowser(Adactin_Testclass.java:35)
at POM_DDF_TestNG_BaseClass.Adactin_Testclass.CloseBrowser(Adactin_Testclass.java:35)
at POM_DDF_TestNG_BaseClass.Adactin_Testclass.CloseBrowser(Adactin_Testclass.java:35)
at POM_DDF_TestNG_BaseClass.Adactin_Testclass.CloseBrowser(Adactin_Testclass.java:35)
at POM_DDF_TestNG_BaseClass.Adactin_Testclass.CloseBrowser(Adactin_Testclass.java:35)
at POM_DDF_TestNG_BaseClass.Adactin_Testclass.CloseBrowser(Adactin_Testclass.java:35)
at POM_DDF_TestNG_BaseClass.Adactin_Testclass.CloseBrowser(Adactin_Testclass.java:35)
at POM_DDF_TestNG_BaseClass.Adactin_Testclass.CloseBrowser(Adactin_Testclass.java:35)
at POM_DDF_TestNG_BaseClass.Adactin_Testclass.CloseBrowser(Adactin_Testclass.java:35)
at POM_DDF_TestNG_BaseClass.Adactin_Testclass.CloseBrowser(Adactin_Testclass.java:35)
at POM_DDF_TestNG_BaseClass.Adactin_Testclass.CloseBrowser(Adactin_Testclass.java:35)
at POM_DDF_TestNG_BaseClass.Adactin_Testclass.CloseBrowser(Adactin_Testclass.java:35)
at POM_DDF_TestNG_BaseClass.Adactin_Testclass.CloseBrowser(Adactin_Testclass.java:35)
at POM_DDF_TestNG_BaseClass.Adactin_Testclass.CloseBrowser(Adactin_Testclass.java:35)
at POM_DDF_TestNG_BaseClass.Adactin_Testclass.CloseBrowser(Adactin_Testclass.java:35)
at POM_DDF_TestNG_BaseClass.Adactin_Testclass.CloseBrowser(Adactin_Testclass.java:35)
at POM_DDF_TestNG_BaseClass.Adactin_Testclass.CloseBrowser(Adactin_Testclass.java:35)
at POM_DDF_TestNG_BaseClass.Adactin_Testclass.CloseBrowser(Adactin_Testclass.java:35)
at POM_DDF_TestNG_BaseClass.Adactin_Testclass.CloseBrowser(Adactin_Testclass.java:35)
at POM_DDF_TestNG_BaseClass.Adactin_Testclass.CloseBrowser(Adactin_Testclass.java:35)
at POM_DDF_TestNG_BaseClass.Adactin_Testclass.CloseBrowser(Adactin_Testclass.java:35)
at POM_DDF_TestNG_BaseClass.Adactin_Testclass.CloseBrowser(Adactin_Testclass.java:35)
at POM_DDF_TestNG_BaseClass.Adactin_Testclass.CloseBrowser(Adactin_Testclass.java:35)
at POM_DDF_TestNG_BaseClass.Adactin_Testclass.CloseBrowser(Adactin_Testclass.java:35)
at POM_DDF_TestNG_BaseClass.Adactin_Testclass.CloseBrowser(Adactin_Testclass.java:35)
at POM_DDF_TestNG_BaseClass.Adactin_Testclass.CloseBrowser(Adactin_Testclass.java:35)
at POM_DDF_TestNG_BaseClass.Adactin_Testclass.CloseBrowser(Adactin_Testclass.java:35)
at POM_DDF_TestNG_BaseClass.Adactin_Testclass.CloseBrowser(Adactin_Testclass.java:35)
at POM_DDF_TestNG_BaseClass.Adactin_Testclass.CloseBrowser(Adactin_Testclass.java:35)
at POM_DDF_TestNG_BaseClass.Adactin_Testclass.CloseBrowser(Adactin_Testclass.java:35)
at POM_DDF_TestNG_BaseClass.Adactin_Testclass.CloseBrowser(Adactin_Testclass.java:35)
at POM_DDF_TestNG_BaseClass.Adactin_Testclass.CloseBrowser(Adactin_Testclass.java:35)
at POM_DDF_TestNG_BaseClass.Adactin_Testclass.CloseBrowser(Adactin_Testclass.java:35)
at POM_DDF_TestNG_BaseClass.Adactin_Testclass.CloseBrowser(Adactin_Testclass.java:35)
at POM_DDF_TestNG_BaseClass.Adactin_Testclass.CloseBrowser(Adactin_Testclass.java:35)
at POM_DDF_TestNG_BaseClass.Adactin_Testclass.CloseBrowser(Adactin_Testclass.java:35)
at POM_DDF_TestNG_BaseClass.Adactin_Testclass.CloseBrowser(Adactin_Testclass.java:35)
at POM_DDF_TestNG_BaseClass.Adactin_Testclass.CloseBrowser(Adactin_Testclass.java:35)
at POM_DDF_TestNG_BaseClass.Adactin_Testclass.CloseBrowser(Adactin_Testclass.java:35)
at POM_DDF_TestNG_BaseClass.Adactin_Testclass.CloseBrowser(Adactin_Testclass.java:35)
at POM_DDF_TestNG_BaseClass.Adactin_Testclass.CloseBrowser(Adactin_Testclass.java:35)
at POM_DDF_TestNG_BaseClass.Adactin_Testclass.CloseBrowser(Adactin_Testclass.java:35)
at POM_DDF_TestNG_BaseClass.Adactin_Testclass.CloseBrowser(Adactin_Testclass.java:35)
at POM_DDF_TestNG_BaseClass.Adactin_Testclass.CloseBrowser(Adactin_Testclass.java:35)
at POM_DDF_TestNG_BaseClass.Adactin_Testclass.CloseBrowser(Adactin_Testclass.java:35)
at POM_DDF_TestNG_BaseClass.Adactin_Testclass.CloseBrowser(Adactin_Testclass.java:35)
at POM_DDF_TestNG_BaseClass.Adactin_Testclass.CloseBrowser(Adactin_Testclass.java:35)
at POM_DDF_TestNG_BaseClass.Adactin_Testclass.CloseBrowser(Adactin_Testclass.java:35)
at POM_DDF_TestNG_BaseClass.Adactin_Testclass.CloseBrowser(Adactin_Testclass.java:35)
at POM_DDF_TestNG_BaseClass.Adactin_Testclass.CloseBrowser(Adactin_Testclass.java:35)
at POM_DDF_TestNG_BaseClass.Adactin_Testclass.CloseBrowser(Adactin_Testclass.java:35)
at POM_DDF_TestNG_BaseClass.Adactin_Testclass.CloseBrowser(Adactin_Testclass.java:35)
at POM_DDF_TestNG_BaseClass.Adactin_Testclass.CloseBrowser(Adactin_Testclass.java:35)
at POM_DDF_TestNG_BaseClass.Adactin_Testclass.CloseBrowser(Adactin_Testclass.java:35)
at POM_DDF_TestNG_BaseClass.Adactin_Testclass.CloseBrowser(Adactin_Testclass.java:35)
at POM_DDF_TestNG_BaseClass.Adactin_Testclass.CloseBrowser(Adactin_Testclass.java:35)
at POM_DDF_TestNG_BaseClass.Adactin_Testclass.CloseBrowser(Adactin_Testclass.java:35)
at POM_DDF_TestNG_BaseClass.Adactin_Testclass.CloseBrowser(Adactin_Testclass.java:35)
at POM_DDF_TestNG_BaseClass.Adactin_Testclass.CloseBrowser(Adactin_Testclass.java:35)
at POM_DDF_TestNG_BaseClass.Adactin_Testclass.CloseBrowser(Adactin_Testclass.java:35)
at POM_DDF_TestNG_BaseClass.Adactin_Testclass.CloseBrowser(Adactin_Testclass.java:35)
at POM_DDF_TestNG_BaseClass.Adactin_Testclass.CloseBrowser(Adactin_Testclass.java:35)
at POM_DDF_TestNG_BaseClass.Adactin_Testclass.CloseBrowser(Adactin_Testclass.java:35)
at POM_DDF_TestNG_BaseClass.Adactin_Testclass.CloseBrowser(Adactin_Testclass.java:35)
at POM_DDF_TestNG_BaseClass.Adactin_Testclass.CloseBrowser(Adactin_Testclass.java:35)
at POM_DDF_TestNG_BaseClass.Adactin_Testclass.CloseBrowser(Adactin_Testclass.java:35)
at POM_DDF_TestNG_BaseClass.Adactin_Testclass.CloseBrowser(Adactin_Testclass.java:35)
at POM_DDF_TestNG_BaseClass.Adactin_Testclass.CloseBrowser(Adactin_Testclass.java:35)
at POM_DDF_TestNG_BaseClass.Adactin_Testclass.CloseBrowser(Adactin_Testclass.java:35)
at POM_DDF_TestNG_BaseClass.Adactin_Testclass.CloseBrowser(Adactin_Testclass.java:35)
at POM_DDF_TestNG_BaseClass.Adactin_Testclass.CloseBrowser(Adactin_Testclass.java:35)
at POM_DDF_TestNG_BaseClass.Adactin_Testclass.CloseBrowser(Adactin_Testclass.java:35)
at POM_DDF_TestNG_BaseClass.Adactin_Testclass.CloseBrowser(Adactin_Testclass.java:35)
at POM_DDF_TestNG_BaseClass.Adactin_Testclass.CloseBrowser(Adactin_Testclass.java:35)
at POM_DDF_TestNG_BaseClass.Adactin_Testclass.CloseBrowser(Adactin_Testclass.java:35)
at POM_DDF_TestNG_BaseClass.Adactin_Testclass.CloseBrowser(Adactin_Testclass.java:35)
at POM_DDF_TestNG_BaseClass.Adactin_Testclass.CloseBrowser(Adactin_Testclass.java:35)
at POM_DDF_TestNG_BaseClass.Adactin_Testclass.CloseBrowser(Adactin_Testclass.java:35)
at POM_DDF_TestNG_BaseClass.Adactin_Testclass.CloseBrowser(Adactin_Testclass.java:35)
at POM_DDF_TestNG_BaseClass.Adactin_Testclass.CloseBrowser(Adactin_Testclass.java:35)
at POM_DDF_TestNG_BaseClass.Adactin_Testclass.CloseBrowser(Adactin_Testclass.java:35)
at POM_DDF_TestNG_BaseClass.Adactin_Testclass.CloseBrowser(Adactin_Testclass.java:35)
at POM_DDF_TestNG_BaseClass.Adactin_Testclass.CloseBrowser(Adactin_Testclass.java:35)
at POM_DDF_TestNG_BaseClass.Adactin_Testclass.CloseBrowser(Adactin_Testclass.java:35)
at POM_DDF_TestNG_BaseClass.Adactin_Testclass.CloseBrowser(Adactin_Testclass.java:35)
at POM_DDF_TestNG_BaseClass.Adactin_Testclass.CloseBrowser(Adactin_Testclass.java:35)
at POM_DDF_TestNG_BaseClass.Adactin_Testclass.CloseBrowser(Adactin_Testclass.java:35)
at POM_DDF_TestNG_BaseClass.Adactin_Testclass.CloseBrowser(Adactin_Testclass.java:35)
at POM_DDF_TestNG_BaseClass.Adactin_Testclass.CloseBrowser(Adactin_Testclass.java:35)
at POM_DDF_TestNG_BaseClass.Adactin_Testclass.CloseBrowser(Adactin_Testclass.java:35)
at POM_DDF_TestNG_BaseClass.Adactin_Testclass.CloseBrowser(Adactin_Testclass.java:35)
at POM_DDF_TestNG_BaseClass.Adactin_Testclass.CloseBrowser(Adactin_Testclass.java:35)
at POM_DDF_TestNG_BaseClass.Adactin_Testclass.CloseBrowser(Adactin_Testclass.java:35)
at POM_DDF_TestNG_BaseClass.Adactin_Testclass.CloseBrowser(Adactin_Testclass.java:35)
at POM_DDF_TestNG_BaseClass.Adactin_Testclass.CloseBrowser(Adactin_Testclass.java:35)
at POM_DDF_TestNG_BaseClass.Adactin_Testclass.CloseBrowser(Adactin_Testclass.java:35)
at POM_DDF_TestNG_BaseClass.Adactin_Testclass.CloseBrowser(Adactin_Testclass.java:35)
at POM_DDF_TestNG_BaseClass.Adactin_Testclass.CloseBrowser(Adactin_Testclass.java:35)
at POM_DDF_TestNG_BaseClass.Adactin_Testclass.CloseBrowser(Adactin_Testclass.java:35)
at POM_DDF_TestNG_BaseClass.Adactin_Testclass.CloseBrowser(Adactin_Testclass.java:35)
at POM_DDF_TestNG_BaseClass.Adactin_Testclass.CloseBrowser(Adactin_Testclass.java:35)
at POM_DDF_TestNG_BaseClass.Adactin_Testclass.CloseBrowser(Adactin_Testclass.java:35)
at POM_DDF_TestNG_BaseClass.Adactin_Testclass.CloseBrowser(Adactin_Testclass.java:35)
at POM_DDF_TestNG_BaseClass.Adactin_Testclass.CloseBrowser(Adactin_Testclass.java:35)
at POM_DDF_TestNG_BaseClass.Adactin_Testclass.CloseBrowser(Adactin_Testclass.java:35)
at POM_DDF_TestNG_BaseClass.Adactin_Testclass.CloseBrowser(Adactin_Testclass.java:35)
at POM_DDF_TestNG_BaseClass.Adactin_Testclass.CloseBrowser(Adactin_Testclass.java:35)
at POM_DDF_TestNG_BaseClass.Adactin_Testclass.CloseBrowser(Adactin_Testclass.java:35)
at POM_DDF_TestNG_BaseClass.Adactin_Testclass.CloseBrowser(Adactin_Testclass.java:35)
at POM_DDF_TestNG_BaseClass.Adactin_Testclass.CloseBrowser(Adactin_Testclass.java:35)
at POM_DDF_TestNG_BaseClass.Adactin_Testclass.CloseBrowser(Adactin_Testclass.java:35)
at POM_DDF_TestNG_BaseClass.Adactin_Testclass.CloseBrowser(Adactin_Testclass.java:35)
at POM_DDF_TestNG_BaseClass.Adactin_Testclass.CloseBrowser(Adactin_Testclass.java:35)
at POM_DDF_TestNG_BaseClass.Adactin_Testclass.CloseBrowser(Adactin_Testclass.java:35)
at POM_DDF_TestNG_BaseClass.Adactin_Testclass.CloseBrowser(Adactin_Testclass.java:35)
at POM_DDF_TestNG_BaseClass.Adactin_Testclass.CloseBrowser(Adactin_Testclass.java:35)
at POM_DDF_TestNG_BaseClass.Adactin_Testclass.CloseBrowser(Adactin_Testclass.java:35)
at POM_DDF_TestNG_BaseClass.Adactin_Testclass.CloseBrowser(Adactin_Testclass.java:35)
at POM_DDF_TestNG_BaseClass.Adactin_Testclass.CloseBrowser(Adactin_Testclass.java:35)
at POM_DDF_TestNG_BaseClass.Adactin_Testclass.CloseBrowser(Adactin_Testclass.java:35)
at POM_DDF_TestNG_BaseClass.Adactin_Testclass.CloseBrowser(Adactin_Testclass.java:35)
at POM_DDF_TestNG_BaseClass.Adactin_Testclass.CloseBrowser(Adactin_Testclass.java:35)
at POM_DDF_TestNG_BaseClass.Adactin_Testclass.CloseBrowser(Adactin_Testclass.java:35)
at POM_DDF_TestNG_BaseClass.Adactin_Testclass.CloseBrowser(Adactin_Testclass.java:35)
at POM_DDF_TestNG_BaseClass.Adactin_Testclass.CloseBrowser(Adactin_Testclass.java:35)
at POM_DDF_TestNG_BaseClass.Adactin_Testclass.CloseBrowser(Adactin_Testclass.java:35)
at POM_DDF_TestNG_BaseClass.Adactin_Testclass.CloseBrowser(Adactin_Testclass.java:35)
at POM_DDF_TestNG_BaseClass.Adactin_Testclass.CloseBrowser(Adactin_Testclass.java:35)
at POM_DDF_TestNG_BaseClass.Adactin_Testclass.CloseBrowser(Adactin_Testclass.java:35)
at POM_DDF_TestNG_BaseClass.Adactin_Testclass.CloseBrowser(Adactin_Testclass.java:35)
at POM_DDF_TestNG_BaseClass.Adactin_Testclass.CloseBrowser(Adactin_Testclass.java:35)
at POM_DDF_TestNG_BaseClass.Adactin_Testclass.CloseBrowser(Adactin_Testclass.java:35)
at POM_DDF_TestNG_BaseClass.Adactin_Testclass.CloseBrowser(Adactin_Testclass.java:35)
at POM_DDF_TestNG_BaseClass.Adactin_Testclass.CloseBrowser(Adactin_Testclass.java:35)
at POM_DDF_TestNG_BaseClass.Adactin_Testclass.CloseBrowser(Adactin_Testclass.java:35)
at POM_DDF_TestNG_BaseClass.Adactin_Testclass.CloseBrowser(Adactin_Testclass.java:35)
at POM_DDF_TestNG_BaseClass.Adactin_Testclass.CloseBrowser(Adactin_Testclass.java:35)
at POM_DDF_TestNG_BaseClass.Adactin_Testclass.CloseBrowser(Adactin_Testclass.java:35)
at POM_DDF_TestNG_BaseClass.Adactin_Testclass.CloseBrowser(Adactin_Testclass.java:35)
at POM_DDF_TestNG_BaseClass.Adactin_Testclass.CloseBrowser(Adactin_Testclass.java:35)
at POM_DDF_TestNG_BaseClass.Adactin_Testclass.CloseBrowser(Adactin_Testclass.java:35)
at POM_DDF_TestNG_BaseClass.Adactin_Testclass.CloseBrowser(Adactin_Testclass.java:35)
at POM_DDF_TestNG_BaseClass.Adactin_Testclass.CloseBrowser(Adactin_Testclass.java:35)
at POM_DDF_TestNG_BaseClass.Adactin_Testclass.CloseBrowser(Adactin_Testclass.java:35)
at POM_DDF_TestNG_BaseClass.Adactin_Testclass.CloseBrowser(Adactin_Testclass.java:35)
at POM_DDF_TestNG_BaseClass.Adactin_Testclass.CloseBrowser(Adactin_Testclass.java:35)
at POM_DDF_TestNG_BaseClass.Adactin_Testclass.CloseBrowser(Adactin_Testclass.java:35)
at POM_DDF_TestNG_BaseClass.Adactin_Testclass.CloseBrowser(Adactin_Testclass.java:35)
at POM_DDF_TestNG_BaseClass.Adactin_Testclass.CloseBrowser(Adactin_Testclass.java:35)
at POM_DDF_TestNG_BaseClass.Adactin_Testclass.CloseBrowser(Adactin_Testclass.java:35)
at POM_DDF_TestNG_BaseClass.Adactin_Testclass.CloseBrowser(Adactin_Testclass.java:35)
at POM_DDF_TestNG_BaseClass.Adactin_Testclass.CloseBrowser(Adactin_Testclass.java:35)
at POM_DDF_TestNG_BaseClass.Adactin_Testclass.CloseBrowser(Adactin_Testclass.java:35)
at POM_DDF_TestNG_BaseClass.Adactin_Testclass.CloseBrowser(Adactin_Testclass.java:35)
at POM_DDF_TestNG_BaseClass.Adactin_Testclass.CloseBrowser(Adactin_Testclass.java:35)
at POM_DDF_TestNG_BaseClass.Adactin_Testclass.CloseBrowser(Adactin_Testclass.java:35)
at POM_DDF_TestNG_BaseClass.Adactin_Testclass.CloseBrowser(Adactin_Testclass.java:35)
at POM_DDF_TestNG_BaseClass.Adactin_Testclass.CloseBrowser(Adactin_Testclass.java:35)
at POM_DDF_TestNG_BaseClass.Adactin_Testclass.CloseBrowser(Adactin_Testclass.java:35)
at POM_DDF_TestNG_BaseClass.Adactin_Testclass.CloseBrowser(Adactin_Testclass.java:35)
at POM_DDF_TestNG_BaseClass.Adactin_Testclass.CloseBrowser(Adactin_Testclass.java:35)
at POM_DDF_TestNG_BaseClass.Adactin_Testclass.CloseBrowser(Adactin_Testclass.java:35)
at POM_DDF_TestNG_BaseClass.Adactin_Testclass.CloseBrowser(Adactin_Testclass.java:35)
at POM_DDF_TestNG_BaseClass.Adactin_Testclass.CloseBrowser(Adactin_Testclass.java:35)
at POM_DDF_TestNG_BaseClass.Adactin_Testclass.CloseBrowser(Adactin_Testclass.java:35)
at POM_DDF_TestNG_BaseClass.Adactin_Testclass.CloseBrowser(Adactin_Testclass.java:35)
at POM_DDF_TestNG_BaseClass.Adactin_Testclass.CloseBrowser(Adactin_Testclass.java:35)
at POM_DDF_TestNG_BaseClass.Adactin_Testclass.CloseBrowser(Adactin_Testclass.java:35)
at POM_DDF_TestNG_BaseClass.Adactin_Testclass.CloseBrowser(Adactin_Testclass.java:35)
at POM_DDF_TestNG_BaseClass.Adactin_Testclass.CloseBrowser(Adactin_Testclass.java:35)
at POM_DDF_TestNG_BaseClass.Adactin_Testclass.CloseBrowser(Adactin_Testclass.java:35)
at POM_DDF_TestNG_BaseClass.Adactin_Testclass.CloseBrowser(Adactin_Testclass.java:35)
at POM_DDF_TestNG_BaseClass.Adactin_Testclass.CloseBrowser(Adactin_Testclass.java:35)
at POM_DDF_TestNG_BaseClass.Adactin_Testclass.CloseBrowser(Adactin_Testclass.java:35)
at POM_DDF_TestNG_BaseClass.Adactin_Testclass.CloseBrowser(Adactin_Testclass.java:35)
at POM_DDF_TestNG_BaseClass.Adactin_Testclass.CloseBrowser(Adactin_Testclass.java:35)
at POM_DDF_TestNG_BaseClass.Adactin_Testclass.CloseBrowser(Adactin_Testclass.java:35)
at POM_DDF_TestNG_BaseClass.Adactin_Testclass.CloseBrowser(Adactin_Testclass.java:35)
at POM_DDF_TestNG_BaseClass.Adactin_Testclass.CloseBrowser(Adactin_Testclass.java:35)
at POM_DDF_TestNG_BaseClass.Adactin_Testclass.CloseBrowser(Adactin_Testclass.java:35)
at POM_DDF_TestNG_BaseClass.Adactin_Testclass.CloseBrowser(Adactin_Testclass.java:35)
at POM_DDF_TestNG_BaseClass.Adactin_Testclass.CloseBrowser(Adactin_Testclass.java:35)
at POM_DDF_TestNG_BaseClass.Adactin_Testclass.CloseBrowser(Adactin_Testclass.java:35)
at POM_DDF_TestNG_BaseClass.Adactin_Testclass.CloseBrowser(Adactin_Testclass.java:35)
at POM_DDF_TestNG_BaseClass.Adactin_Testclass.CloseBrowser(Adactin_Testclass.java:35)
at POM_DDF_TestNG_BaseClass.Adactin_Testclass.CloseBrowser(Adactin_Testclass.java:35)
at POM_DDF_TestNG_BaseClass.Adactin_Testclass.CloseBrowser(Adactin_Testclass.java:35)
at POM_DDF_TestNG_BaseClass.Adactin_Testclass.CloseBrowser(Adactin_Testclass.java:35)
at POM_DDF_TestNG_BaseClass.Adactin_Testclass.CloseBrowser(Adactin_Testclass.java:35)
at POM_DDF_TestNG_BaseClass.Adactin_Testclass.CloseBrowser(Adactin_Testclass.java:35)
at POM_DDF_TestNG_BaseClass.Adactin_Testclass.CloseBrowser(Adactin_Testclass.java:35)
at POM_DDF_TestNG_BaseClass.Adactin_Testclass.CloseBrowser(Adactin_Testclass.java:35)
at POM_DDF_TestNG_BaseClass.Adactin_Testclass.CloseBrowser(Adactin_Testclass.java:35)
at POM_DDF_TestNG_BaseClass.Adactin_Testclass.CloseBrowser(Adactin_Testclass.java:35)
at POM_DDF_TestNG_BaseClass.Adactin_Testclass.CloseBrowser(Adactin_Testclass.java:35)
at POM_DDF_TestNG_BaseClass.Adactin_Testclass.CloseBrowser(Adactin_Testclass.java:35)
at POM_DDF_TestNG_BaseClass.Adactin_Testclass.CloseBrowser(Adactin_Testclass.java:35)
at POM_DDF_TestNG_BaseClass.Adactin_Testclass.CloseBrowser(Adactin_Testclass.java:35)
at POM_DDF_TestNG_BaseClass.Adactin_Testclass.CloseBrowser(Adactin_Testclass.java:35)
at POM_DDF_TestNG_BaseClass.Adactin_Testclass.CloseBrowser(Adactin_Testclass.java:35)
at POM_DDF_TestNG_BaseClass.Adactin_Testclass.CloseBrowser(Adactin_Testclass.java:35)
at POM_DDF_TestNG_BaseClass.Adactin_Testclass.CloseBrowser(Adactin_Testclass.java:35)
at POM_DDF_TestNG_BaseClass.Adactin_Testclass.CloseBrowser(Adactin_Testclass.java:35)
at POM_DDF_TestNG_BaseClass.Adactin_Testclass.CloseBrowser(Adactin_Testclass.java:35)
at POM_DDF_TestNG_BaseClass.Adactin_Testclass.CloseBrowser(Adactin_Testclass.java:35)
at POM_DDF_TestNG_BaseClass.Adactin_Testclass.CloseBrowser(Adactin_Testclass.java:35)
at POM_DDF_TestNG_BaseClass.Adactin_Testclass.CloseBrowser(Adactin_Testclass.java:35)
at POM_DDF_TestNG_BaseClass.Adactin_Testclass.CloseBrowser(Adactin_Testclass.java:35)
at POM_DDF_TestNG_BaseClass.Adactin_Testclass.CloseBrowser(Adactin_Testclass.java:35)
at POM_DDF_TestNG_BaseClass.Adactin_Testclass.CloseBrowser(Adactin_Testclass.java:35)
at POM_DDF_TestNG_BaseClass.Adactin_Testclass.CloseBrowser(Adactin_Testclass.java:35)
at POM_DDF_TestNG_BaseClass.Adactin_Testclass.CloseBrowser(Adactin_Testclass.java:35)
at POM_DDF_TestNG_BaseClass.Adactin_Testclass.CloseBrowser(Adactin_Testclass.java:35)
at POM_DDF_TestNG_BaseClass.Adactin_Testclass.CloseBrowser(Adactin_Testclass.java:35)
at POM_DDF_TestNG_BaseClass.Adactin_Testclass.CloseBrowser(Adactin_Testclass.java:35)
at POM_DDF_TestNG_BaseClass.Adactin_Testclass.CloseBrowser(Adactin_Testclass.java:35)
at POM_DDF_TestNG_BaseClass.Adactin_Testclass.CloseBrowser(Adactin_Testclass.java:35)
at POM_DDF_TestNG_BaseClass.Adactin_Testclass.CloseBrowser(Adactin_Testclass.java:35)
at POM_DDF_TestNG_BaseClass.Adactin_Testclass.CloseBrowser(Adactin_Testclass.java:35)
at POM_DDF_TestNG_BaseClass.Adactin_Testclass.CloseBrowser(Adactin_Testclass.java:35)
at POM_DDF_TestNG_BaseClass.Adactin_Testclass.CloseBrowser(Adactin_Testclass.java:35)
at POM_DDF_TestNG_BaseClass.Adactin_Testclass.CloseBrowser(Adactin_Testclass.java:35)
at POM_DDF_TestNG_BaseClass.Adactin_Testclass.CloseBrowser(Adactin_Testclass.java:35)
at POM_DDF_TestNG_BaseClass.Adactin_Testclass.CloseBrowser(Adactin_Testclass.java:35)
at POM_DDF_TestNG_BaseClass.Adactin_Testclass.CloseBrowser(Adactin_Testclass.java:35)
at POM_DDF_TestNG_BaseClass.Adactin_Testclass.CloseBrowser(Adactin_Testclass.java:35)
at POM_DDF_TestNG_BaseClass.Adactin_Testclass.CloseBrowser(Adactin_Testclass.java:35)
at POM_DDF_TestNG_BaseClass.Adactin_Testclass.CloseBrowser(Adactin_Testclass.java:35)
at POM_DDF_TestNG_BaseClass.Adactin_Testclass.CloseBrowser(Adactin_Testclass.java:35)
at POM_DDF_TestNG_BaseClass.Adactin_Testclass.CloseBrowser(Adactin_Testclass.java:35)
at POM_DDF_TestNG_BaseClass.Adactin_Testclass.CloseBrowser(Adactin_Testclass.java:35)
at POM_DDF_TestNG_BaseClass.Adactin_Testclass.CloseBrowser(Adactin_Testclass.java:35)
at POM_DDF_TestNG_BaseClass.Adactin_Testclass.CloseBrowser(Adactin_Testclass.java:35)
at POM_DDF_TestNG_BaseClass.Adactin_Testclass.CloseBrowser(Adactin_Testclass.java:35)
at POM_DDF_TestNG_BaseClass.Adactin_Testclass.CloseBrowser(Adactin_Testclass.java:35)
at POM_DDF_TestNG_BaseClass.Adactin_Testclass.CloseBrowser(Adactin_Testclass.java:35)
at POM_DDF_TestNG_BaseClass.Adactin_Testclass.CloseBrowser(Adactin_Testclass.java:35)
at POM_DDF_TestNG_BaseClass.Adactin_Testclass.CloseBrowser(Adactin_Testclass.java:35)
at POM_DDF_TestNG_BaseClass.Adactin_Testclass.CloseBrowser(Adactin_Testclass.java:35)
at POM_DDF_TestNG_BaseClass.Adactin_Testclass.CloseBrowser(Adactin_Testclass.java:35)
at POM_DDF_TestNG_BaseClass.Adactin_Testclass.CloseBrowser(Adactin_Testclass.java:35)
at POM_DDF_TestNG_BaseClass.Adactin_Testclass.CloseBrowser(Adactin_Testclass.java:35)
at POM_DDF_TestNG_BaseClass.Adactin_Testclass.CloseBrowser(Adactin_Testclass.java:35)
at POM_DDF_TestNG_BaseClass.Adactin_Testclass.CloseBrowser(Adactin_Testclass.java:35)
at POM_DDF_TestNG_BaseClass.Adactin_Testclass.CloseBrowser(Adactin_Testclass.java:35)
at POM_DDF_TestNG_BaseClass.Adactin_Testclass.CloseBrowser(Adactin_Testclass.java:35)
at POM_DDF_TestNG_BaseClass.Adactin_Testclass.CloseBrowser(Adactin_Testclass.java:35)
at POM_DDF_TestNG_BaseClass.Adactin_Testclass.CloseBrowser(Adactin_Testclass.java:35)
at POM_DDF_TestNG_BaseClass.Adactin_Testclass.CloseBrowser(Adactin_Testclass.java:35)
at POM_DDF_TestNG_BaseClass.Adactin_Testclass.CloseBrowser(Adactin_Testclass.java:35)
at POM_DDF_TestNG_BaseClass.Adactin_Testclass.CloseBrowser(Adactin_Testclass.java:35)
at POM_DDF_TestNG_BaseClass.Adactin_Testclass.CloseBrowser(Adactin_Testclass.java:35)
at POM_DDF_TestNG_BaseClass.Adactin_Testclass.CloseBrowser(Adactin_Testclass.java:35)
at POM_DDF_TestNG_BaseClass.Adactin_Testclass.CloseBrowser(Adactin_Testclass.java:35)
at POM_DDF_TestNG_BaseClass.Adactin_Testclass.CloseBrowser(Adactin_Testclass.java:35)
at POM_DDF_TestNG_BaseClass.Adactin_Testclass.CloseBrowser(Adactin_Testclass.java:35)
at POM_DDF_TestNG_BaseClass.Adactin_Testclass.CloseBrowser(Adactin_Testclass.java:35)
at POM_DDF_TestNG_BaseClass.Adactin_Testclass.CloseBrowser(Adactin_Testclass.java:35)
at POM_DDF_TestNG_BaseClass.Adactin_Testclass.CloseBrowser(Adactin_Testclass.java:35)
at POM_DDF_TestNG_BaseClass.Adactin_Testclass.CloseBrowser(Adactin_Testclass.java:35)
at POM_DDF_TestNG_BaseClass.Adactin_Testclass.CloseBrowser(Adactin_Testclass.java:35)
at POM_DDF_TestNG_BaseClass.Adactin_Testclass.CloseBrowser(Adactin_Testclass.java:35)
at POM_DDF_TestNG_BaseClass.Adactin_Testclass.CloseBrowser(Adactin_Testclass.java:35)
at POM_DDF_TestNG_BaseClass.Adactin_Testclass.CloseBrowser(Adactin_Testclass.java:35)
at POM_DDF_TestNG_BaseClass.Adactin_Testclass.CloseBrowser(Adactin_Testclass.java:35)
at POM_DDF_TestNG_BaseClass.Adactin_Testclass.CloseBrowser(Adactin_Testclass.java:35)
at POM_DDF_TestNG_BaseClass.Adactin_Testclass.CloseBrowser(Adactin_Testclass.java:35)
at POM_DDF_TestNG_BaseClass.Adactin_Testclass.CloseBrowser(Adactin_Testclass.java:35)
at POM_DDF_TestNG_BaseClass.Adactin_Testclass.CloseBrowser(Adactin_Testclass.java:35)
at POM_DDF_TestNG_BaseClass.Adactin_Testclass.CloseBrowser(Adactin_Testclass.java:35)
at POM_DDF_TestNG_BaseClass.Adactin_Testclass.CloseBrowser(Adactin_Testclass.java:35)
at POM_DDF_TestNG_BaseClass.Adactin_Testclass.CloseBrowser(Adactin_Testclass.java:35)
at POM_DDF_TestNG_BaseClass.Adactin_Testclass.CloseBrowser(Adactin_Testclass.java:35)
at POM_DDF_TestNG_BaseClass.Adactin_Testclass.CloseBrowser(Adactin_Testclass.java:35)
at POM_DDF_TestNG_BaseClass.Adactin_Testclass.CloseBrowser(Adactin_Testclass.java:35)
at POM_DDF_TestNG_BaseClass.Adactin_Testclass.CloseBrowser(Adactin_Testclass.java:35)
at POM_DDF_TestNG_BaseClass.Adactin_Testclass.CloseBrowser(Adactin_Testclass.java:35)
at POM_DDF_TestNG_BaseClass.Adactin_Testclass.CloseBrowser(Adactin_Testclass.java:35)
at POM_DDF_TestNG_BaseClass.Adactin_Testclass.CloseBrowser(Adactin_Testclass.java:35)
at POM_DDF_TestNG_BaseClass.Adactin_Testclass.CloseBrowser(Adactin_Testclass.java:35)
at POM_DDF_TestNG_BaseClass.Adactin_Testclass.CloseBrowser(Adactin_Testclass.java:35)
at POM_DDF_TestNG_BaseClass.Adactin_Testclass.CloseBrowser(Adactin_Testclass.java:35)
at POM_DDF_TestNG_BaseClass.Adactin_Testclass.CloseBrowser(Adactin_Testclass.java:35)
at POM_DDF_TestNG_BaseClass.Adactin_Testclass.CloseBrowser(Adactin_Testclass.java:35)
at POM_DDF_TestNG_BaseClass.Adactin_Testclass.CloseBrowser(Adactin_Testclass.java:35)
at POM_DDF_TestNG_BaseClass.Adactin_Testclass.CloseBrowser(Adactin_Testclass.java:35)
at POM_DDF_TestNG_BaseClass.Adactin_Testclass.CloseBrowser(Adactin_Testclass.java:35)
at POM_DDF_TestNG_BaseClass.Adactin_Testclass.CloseBrowser(Adactin_Testclass.java:35)
at POM_DDF_TestNG_BaseClass.Adactin_Testclass.CloseBrowser(Adactin_Testclass.java:35)
at POM_DDF_TestNG_BaseClass.Adactin_Testclass.CloseBrowser(Adactin_Testclass.java:35)
at POM_DDF_TestNG_BaseClass.Adactin_Testclass.CloseBrowser(Adactin_Testclass.java:35)
at POM_DDF_TestNG_BaseClass.Adactin_Testclass.CloseBrowser(Adactin_Testclass.java:35)
at POM_DDF_TestNG_BaseClass.Adactin_Testclass.CloseBrowser(Adactin_Testclass.java:35)
at POM_DDF_TestNG_BaseClass.Adactin_Testclass.CloseBrowser(Adactin_Testclass.java:35)
at POM_DDF_TestNG_BaseClass.Adactin_Testclass.CloseBrowser(Adactin_Testclass.java:35)
at POM_DDF_TestNG_BaseClass.Adactin_Testclass.CloseBrowser(Adactin_Testclass.java:35)
at POM_DDF_TestNG_BaseClass.Adactin_Testclass.CloseBrowser(Adactin_Testclass.java:35)
at POM_DDF_TestNG_BaseClass.Adactin_Testclass.CloseBrowser(Adactin_Testclass.java:35)
at POM_DDF_TestNG_BaseClass.Adactin_Testclass.CloseBrowser(Adactin_Testclass.java:35)
at POM_DDF_TestNG_BaseClass.Adactin_Testclass.CloseBrowser(Adactin_Testclass.java:35)
at POM_DDF_TestNG_BaseClass.Adactin_Testclass.CloseBrowser(Adactin_Testclass.java:35)
at POM_DDF_TestNG_BaseClass.Adactin_Testclass.CloseBrowser(Adactin_Testclass.java:35)
at POM_DDF_TestNG_BaseClass.Adactin_Testclass.CloseBrowser(Adactin_Testclass.java:35)
at POM_DDF_TestNG_BaseClass.Adactin_Testclass.CloseBrowser(Adactin_Testclass.java:35)
at POM_DDF_TestNG_BaseClass.Adactin_Testclass.CloseBrowser(Adactin_Testclass.java:35)
]]>
    </error>
  </testcase> <!-- CloseBrowser -->
  <testcase classname="POM_DDF_TestNG_BaseClass.Adactin_Testclass" name="SearchHotels" time="0.006">
    <system-out>
      <![CDATA[Running method Search Hotel]]>
    </system-out>
  </testcase> <!-- SearchHotels -->
  <system-out>
    <![CDATA[Running method Search Hotel
Logout from App
Running Change Password method
Logout from App]]>
  </system-out>
</testsuite> <!-- POM_DDF_TestNG_BaseClass.Adactin_Testclass -->
