<?xml version="1.0" encoding="UTF-8"?>
<!-- Generated by org.testng.reporters.JUnitReportReporter -->
<testsuite hostname="DESKTOP-F6KJ1VL" failures="0" tests="2" name="POM_DDF_TestNG_Utilityclass_Property.TestClass" time="5.677" errors="0" timestamp="2023-09-17T22:39:28 PDT" skipped="0">
  <testcase classname="POM_DDF_TestNG_Utilityclass_Property.TestClass" name="verifyUser" time="3.721"/>
  <testcase classname="POM_DDF_TestNG_Utilityclass_Property.TestClass" name="verifyTitle" time="1.956"/>
</testsuite> <!-- POM_DDF_TestNG_Utilityclass_Property.TestClass -->
